#
# There is insufficient memory for the Java Runtime Environment to continue.
# Native memory allocation (malloc) failed to allocate 1373656 bytes. Error detail: Chunk::new
# Possible reasons:
#   The system is out of physical RAM or swap space
#   This process is running with CompressedOops enabled, and the Java Heap may be blocking the growth of the native heap
# Possible solutions:
#   Reduce memory load on the system
#   Increase physical memory or swap space
#   Check if swap backing store is full
#   Decrease Java heap size (-Xmx/-Xms)
#   Decrease number of Java threads
#   Decrease Java thread stack sizes (-Xss)
#   Set larger code cache with -XX:ReservedCodeCacheSize=
#   JVM is running with Unscaled Compressed Oops mode in which the Java heap is
#     placed in the first 4GB address space. The Java Heap base address is the
#     maximum limit for the native heap growth. Please use -XX:HeapBaseMinAddress
#     to set the Java Heap base and to place the Java Heap above 4GB virtual address.
# This output file may be truncated or incomplete.
#
#  Out of Memory Error (arena.cpp:186), pid=20580, tid=20860
#
# JRE version: Java(TM) SE Runtime Environment (25.0.2+10) (build 25.0.2+10-LTS-69)
# Java VM: Java HotSpot(TM) 64-Bit Server VM (25.0.2+10-LTS-69, mixed mode, sharing, tiered, compressed oops, compressed class ptrs, g1 gc, windows-amd64)
# No core dump will be written. Minidumps are not enabled by default on client versions of Windows
#

---------------  S U M M A R Y ------------

Command Line: --enable-native-access=ALL-UNNAMED -Dclassworlds.conf=C:\Users\HP\.m2\wrapper\dists\apache-maven-3.9.12\59fe215c0ad6947fea90184bf7add084544567b927287592651fda3782e0e798\bin\m2.conf -Dmaven.home=C:\Users\HP\.m2\wrapper\dists\apache-maven-3.9.12\59fe215c0ad6947fea90184bf7add084544567b927287592651fda3782e0e798 -Dlibrary.jansi.path=C:\Users\HP\.m2\wrapper\dists\apache-maven-3.9.12\59fe215c0ad6947fea90184bf7add084544567b927287592651fda3782e0e798\lib\jansi-native -Dmaven.multiModuleProjectDirectory=C:\Users\HP\Downloads\Smart-Sure-Insurance\PolicyService org.codehaus.plexus.classworlds.launcher.Launcher clean verify sonar:sonar -DskipTests -Dsonar.projectKey=PolicyService -Dsonar.host.url=http://localhost:9000 -Dsonar.login=squ_ad36ede9897fa87472ad9bbc7e7a3845e66aa9a6

Host: AMD Ryzen 5 3500U with Radeon Vega Mobile Gfx  , 8 cores, 5G,  Windows 11 , 64 bit Build 26100 (10.0.26100.7920)
Time: Mon Apr 13 16:27:43 2026 India Standard Time elapsed time: 15.580930 seconds (0d 0h 0m 15s)

---------------  T H R E A D  ---------------

Current thread (0x000002275e00f7c0):  JavaThread "C2 CompilerThread0" daemon [_thread_in_native, id=20860, stack(0x000000f595c00000,0x000000f595d00000) (1024K)]


Current CompileTask:
C2:15581 4979       4       org.codehaus.plexus.interpolation.PrefixedValueSourceWrapper::getValue (39 bytes)

Stack: [0x000000f595c00000,0x000000f595d00000]
Native frames: (J=compiled Java code, j=interpreted, Vv=VM code, C=native code)
V  [jvm.dll+0x7a70f9]  (no source info available)
V  [jvm.dll+0x772d6d]  (no source info available)
V  [jvm.dll+0x965d53]  (no source info available)
V  [jvm.dll+0x968351]  (no source info available)
V  [jvm.dll+0x968a63]  (no source info available)
V  [jvm.dll+0x2fc846]  (no source info available)
V  [jvm.dll+0x111b16]  (no source info available)
V  [jvm.dll+0x111e3e]  (no source info available)
V  [jvm.dll+0x1a0872]  (no source info available)
V  [jvm.dll+0x3b54c2]  (no source info available)
V  [jvm.dll+0x7aca8f]  (no source info available)
V  [jvm.dll+0x2c0b97]  (no source info available)
V  [jvm.dll+0x2bfb5f]  (no source info available)
V  [jvm.dll+0x2379a0]  (no source info available)
V  [jvm.dll+0x2cfc86]  (no source info available)
V  [jvm.dll+0x2cdf05]  (no source info available)
V  [jvm.dll+0x48e9d1]  (no source info available)
V  [jvm.dll+0x906fcd]  (no source info available)
V  [jvm.dll+0x7a56d5]  (no source info available)
C  [ucrtbase.dll+0x37b0]  (no source info available)
C  [KERNEL32.DLL+0x2e8d7]  (no source info available)
C  [ntdll.dll+0x8c48c]  (no source info available)

Lock stack of current Java thread (top to bottom):


---------------  P R O C E S S  ---------------

Threads class SMR info:
_java_thread_list=0x0000022763a54ea0, length=13, elements={
0x0000022741cc5800, 0x000002275dffda90, 0x000002275dffe4f0, 0x000002275e003590,
0x000002275e004150, 0x000002275e005880, 0x000002275e007750, 0x000002275e00f7c0,
0x000002275e02dda0, 0x000002275e1792c0, 0x000002275e17d130, 0x000002275e9effe0,
0x000002276317d230
}

Java Threads: ( => current thread )
  0x0000022741cc5800 JavaThread "main"                              [_thread_in_native, id=16652, stack(0x000000f594e00000,0x000000f594f00000) (1024K)]
  0x000002275dffda90 JavaThread "Reference Handler"          daemon [_thread_blocked, id=19264, stack(0x000000f595600000,0x000000f595700000) (1024K)]
  0x000002275dffe4f0 JavaThread "Finalizer"                  daemon [_thread_blocked, id=18952, stack(0x000000f595700000,0x000000f595800000) (1024K)]
  0x000002275e003590 JavaThread "Signal Dispatcher"          daemon [_thread_blocked, id=20012, stack(0x000000f595800000,0x000000f595900000) (1024K)]
  0x000002275e004150 JavaThread "Attach Listener"            daemon [_thread_blocked, id=21416, stack(0x000000f595900000,0x000000f595a00000) (1024K)]
  0x000002275e005880 JavaThread "Service Thread"             daemon [_thread_blocked, id=18824, stack(0x000000f595a00000,0x000000f595b00000) (1024K)]
  0x000002275e007750 JavaThread "Monitor Deflation Thread"   daemon [_thread_blocked, id=18884, stack(0x000000f595b00000,0x000000f595c00000) (1024K)]
=>0x000002275e00f7c0 JavaThread "C2 CompilerThread0"         daemon [_thread_in_native, id=20860, stack(0x000000f595c00000,0x000000f595d00000) (1024K)]
  0x000002275e02dda0 JavaThread "C1 CompilerThread0"         daemon [_thread_blocked, id=5992, stack(0x000000f595d00000,0x000000f595e00000) (1024K)]
  0x000002275e1792c0 JavaThread "Notification Thread"        daemon [_thread_blocked, id=20336, stack(0x000000f595e00000,0x000000f595f00000) (1024K)]
  0x000002275e17d130 JavaThread "Common-Cleaner"             daemon [_thread_blocked, id=6768, stack(0x000000f595f00000,0x000000f596000000) (1024K)]
  0x000002275e9effe0 JavaThread "Thread-1"                   daemon [_thread_blocked, id=20424, stack(0x000000f596400000,0x000000f596500000) (1024K)]
  0x000002276317d230 JavaThread "C2 CompilerThread1"         daemon [_thread_in_native, id=19900, stack(0x000000f596800000,0x000000f596900000) (1024K)]
Total: 13

Other Threads:
  0x000002275dfeb6f0 VMThread "VM Thread"                           [id=19628, stack(0x000000f595500000,0x000000f595600000) (1024K)]
  0x0000022741d781c0 WatcherThread "VM Periodic Task Thread"        [id=19352, stack(0x000000f595400000,0x000000f595500000) (1024K)]
  0x0000022741d09070 WorkerThread "GC Thread#0"                     [id=9060, stack(0x000000f594f00000,0x000000f595000000) (1024K)]
  0x000002276308a700 WorkerThread "GC Thread#1"                     [id=4628, stack(0x000000f596000000,0x000000f596100000) (1024K)]
  0x000002275e26b120 WorkerThread "GC Thread#2"                     [id=19008, stack(0x000000f596100000,0x000000f596200000) (1024K)]
  0x000002275e26b550 WorkerThread "GC Thread#3"                     [id=20696, stack(0x000000f596200000,0x000000f596300000) (1024K)]
  0x000002275e26b980 WorkerThread "GC Thread#4"                     [id=6136, stack(0x000000f596300000,0x000000f596400000) (1024K)]
  0x000002275e46af70 WorkerThread "GC Thread#5"                     [id=7296, stack(0x000000f596500000,0x000000f596600000) (1024K)]
  0x0000022763630880 WorkerThread "GC Thread#6"                     [id=17164, stack(0x000000f596600000,0x000000f596700000) (1024K)]
  0x000002276362d4c0 WorkerThread "GC Thread#7"                     [id=2332, stack(0x000000f596700000,0x000000f596800000) (1024K)]
  0x0000022741d1e320 ConcurrentGCThread "G1 Main Marker"            [id=17520, stack(0x000000f595000000,0x000000f595100000) (1024K)]
  0x0000022741d1eec0 WorkerThread "G1 Conc#0"                       [id=876, stack(0x000000f595100000,0x000000f595200000) (1024K)]
  0x0000022741d69a50 ConcurrentGCThread "G1 Refine#0"               [id=20976, stack(0x000000f595200000,0x000000f595300000) (1024K)]
  0x0000022741d6c470 ConcurrentGCThread "G1 Service"                [id=20128, stack(0x000000f595300000,0x000000f595400000) (1024K)]
Total: 14

Threads with active compile tasks:
C2 CompilerThread0  15855 4979       4       org.codehaus.plexus.interpolation.PrefixedValueSourceWrapper::getValue (39 bytes)
C2 CompilerThread1  15855 5326 %     4       sun.nio.fs.WindowsPathParser::normalize @ 61 (339 bytes)
Total: 2

VM state: not at safepoint (normal execution)

VM Mutex/Monitor currently owned by a thread: None

Heap address: 0x00000000a1600000, size: 1514 MB, Compressed Oops mode: 32-bit

CDS archive(s) mapped at: [0x0000000021000000-0x0000000021dd0000-0x0000000021dd0000), size 14483456, SharedBaseAddress: 0x0000000021000000, ArchiveRelocationMode: 1.
Compressed class space mapped at: 0x0000000022000000-0x0000000062000000, reserved size: 1073741824
UseCompressedClassPointers 1, UseCompactObjectHeaders 0
Narrow klass pointer bits 32, Max shift 3
Narrow klass base: 0x0000000021000000, Narrow klass shift: 0
Encoding Range: [0x0000000021000000 - 0x0000000121000000), (4294967296 bytes)
Klass Range:    [0x0000000021010000 - 0x0000000062000000), (1090453504 bytes)
Klass ID Range:  [65536 - 1090519033) (1090453497)
Protection zone: [0x0000000021000000 - 0x0000000021010000), (65536 bytes)

GC Precious Log:
 CardTable entry size: 512
 Card Set container configuration: InlinePtr #cards 5 size 8 Array Of Cards #cards 10 size 36 Howl #buckets 4 coarsen threshold 1843 Howl Bitmap #cards 512 size 80 coarsen threshold 460 Card regions per heap region 1 cards per card region 2048
 CPUs: 8 total, 8 available
 Memory: 6055M
 Large Page Support: Disabled
 NUMA Support: Disabled
 Compressed Oops: Enabled (32-bit)
 Heap Region Size: 1M
 Heap Min Capacity: 8M
 Heap Initial Capacity: 96M
 Heap Max Capacity: 1514M
 Pre-touch: Disabled
 Parallel Workers: 8
 Concurrent Workers: 2
 Concurrent Refinement Workers: 8
 Periodic GC: Disabled

Heap:
 garbage-first heap   total reserved 1550336K, committed 100352K, used 21114K [0x00000000a1600000, 0x0000000100000000)
  region size 1024K, 7 young (7168K), 5 survivors (5120K)

Heap Regions: E=young(eden), S=young(survivor), O=old, HS=humongous(starts), HC=humongous(continues), CS=collection set, F=free, TAMS=top-at-mark-start, PB=parsable bottom
|   0|0x00000000a1600000, 0x00000000a1700000, 0x00000000a1700000|100%| O|  |TAMS 0x00000000a1600000| PB 0x00000000a1600000| Untracked |  0
|   1|0x00000000a1700000, 0x00000000a1800000, 0x00000000a1800000|100%| O|  |TAMS 0x00000000a1700000| PB 0x00000000a1700000| Untracked |  0
|   2|0x00000000a1800000, 0x00000000a1900000, 0x00000000a1900000|100%| O|  |TAMS 0x00000000a1800000| PB 0x00000000a1800000| Untracked |  0
|   3|0x00000000a1900000, 0x00000000a1a00000, 0x00000000a1a00000|100%| O|  |TAMS 0x00000000a1900000| PB 0x00000000a1900000| Untracked |  0
|   4|0x00000000a1a00000, 0x00000000a1b00000, 0x00000000a1b00000|100%| O|  |TAMS 0x00000000a1a00000| PB 0x00000000a1a00000| Untracked |  0
|   5|0x00000000a1b00000, 0x00000000a1c00000, 0x00000000a1c00000|100%| O|  |TAMS 0x00000000a1b00000| PB 0x00000000a1b00000| Untracked |  0
|   6|0x00000000a1c00000, 0x00000000a1d00000, 0x00000000a1d00000|100%| O|  |TAMS 0x00000000a1c00000| PB 0x00000000a1c00000| Untracked |  0
|   7|0x00000000a1d00000, 0x00000000a1e00000, 0x00000000a1e00000|100%| O|  |TAMS 0x00000000a1d00000| PB 0x00000000a1d00000| Untracked |  0
|   8|0x00000000a1e00000, 0x00000000a1f00000, 0x00000000a1f00000|100%| O|  |TAMS 0x00000000a1e00000| PB 0x00000000a1e00000| Untracked |  0
|   9|0x00000000a1f00000, 0x00000000a2000000, 0x00000000a2000000|100%| O|  |TAMS 0x00000000a1f00000| PB 0x00000000a1f00000| Untracked |  0
|  10|0x00000000a2000000, 0x00000000a2100000, 0x00000000a2100000|100%| O|  |TAMS 0x00000000a2000000| PB 0x00000000a2000000| Untracked |  0
|  11|0x00000000a2100000, 0x00000000a2200000, 0x00000000a2200000|100%| O|  |TAMS 0x00000000a2100000| PB 0x00000000a2100000| Untracked |  0
|  12|0x00000000a2200000, 0x00000000a2300000, 0x00000000a2300000|100%| O|  |TAMS 0x00000000a2200000| PB 0x00000000a2200000| Untracked |  0
|  13|0x00000000a2300000, 0x00000000a23cce20, 0x00000000a2400000| 80%| O|  |TAMS 0x00000000a2300000| PB 0x00000000a2300000| Untracked |  0
|  14|0x00000000a2400000, 0x00000000a2400000, 0x00000000a2500000|  0%| F|  |TAMS 0x00000000a2400000| PB 0x00000000a2400000| Untracked |  0
|  15|0x00000000a2500000, 0x00000000a2500000, 0x00000000a2600000|  0%| F|  |TAMS 0x00000000a2500000| PB 0x00000000a2500000| Untracked |  0
|  16|0x00000000a2600000, 0x00000000a2600000, 0x00000000a2700000|  0%| F|  |TAMS 0x00000000a2600000| PB 0x00000000a2600000| Untracked |  0
|  17|0x00000000a2700000, 0x00000000a2700000, 0x00000000a2800000|  0%| F|  |TAMS 0x00000000a2700000| PB 0x00000000a2700000| Untracked |  0
|  18|0x00000000a2800000, 0x00000000a2800000, 0x00000000a2900000|  0%| F|  |TAMS 0x00000000a2800000| PB 0x00000000a2800000| Untracked |  0
|  19|0x00000000a2900000, 0x00000000a2900000, 0x00000000a2a00000|  0%| F|  |TAMS 0x00000000a2900000| PB 0x00000000a2900000| Untracked |  0
|  20|0x00000000a2a00000, 0x00000000a2a00000, 0x00000000a2b00000|  0%| F|  |TAMS 0x00000000a2a00000| PB 0x00000000a2a00000| Untracked |  0
|  21|0x00000000a2b00000, 0x00000000a2b00000, 0x00000000a2c00000|  0%| F|  |TAMS 0x00000000a2b00000| PB 0x00000000a2b00000| Untracked |  0
|  22|0x00000000a2c00000, 0x00000000a2c00000, 0x00000000a2d00000|  0%| F|  |TAMS 0x00000000a2c00000| PB 0x00000000a2c00000| Untracked |  0
|  23|0x00000000a2d00000, 0x00000000a2d00000, 0x00000000a2e00000|  0%| F|  |TAMS 0x00000000a2d00000| PB 0x00000000a2d00000| Untracked |  0
|  24|0x00000000a2e00000, 0x00000000a2e00000, 0x00000000a2f00000|  0%| F|  |TAMS 0x00000000a2e00000| PB 0x00000000a2e00000| Untracked |  0
|  25|0x00000000a2f00000, 0x00000000a2f00000, 0x00000000a3000000|  0%| F|  |TAMS 0x00000000a2f00000| PB 0x00000000a2f00000| Untracked |  0
|  26|0x00000000a3000000, 0x00000000a3000000, 0x00000000a3100000|  0%| F|  |TAMS 0x00000000a3000000| PB 0x00000000a3000000| Untracked |  0
|  27|0x00000000a3100000, 0x00000000a3100000, 0x00000000a3200000|  0%| F|  |TAMS 0x00000000a3100000| PB 0x00000000a3100000| Untracked |  0
|  28|0x00000000a3200000, 0x00000000a3200000, 0x00000000a3300000|  0%| F|  |TAMS 0x00000000a3200000| PB 0x00000000a3200000| Untracked |  0
|  29|0x00000000a3300000, 0x00000000a3300000, 0x00000000a3400000|  0%| F|  |TAMS 0x00000000a3300000| PB 0x00000000a3300000| Untracked |  0
|  30|0x00000000a3400000, 0x00000000a3400000, 0x00000000a3500000|  0%| F|  |TAMS 0x00000000a3400000| PB 0x00000000a3400000| Untracked |  0
|  31|0x00000000a3500000, 0x00000000a3500000, 0x00000000a3600000|  0%| F|  |TAMS 0x00000000a3500000| PB 0x00000000a3500000| Untracked |  0
|  32|0x00000000a3600000, 0x00000000a3600000, 0x00000000a3700000|  0%| F|  |TAMS 0x00000000a3600000| PB 0x00000000a3600000| Untracked |  0
|  33|0x00000000a3700000, 0x00000000a3700000, 0x00000000a3800000|  0%| F|  |TAMS 0x00000000a3700000| PB 0x00000000a3700000| Untracked |  0
|  34|0x00000000a3800000, 0x00000000a3800000, 0x00000000a3900000|  0%| F|  |TAMS 0x00000000a3800000| PB 0x00000000a3800000| Untracked |  0
|  35|0x00000000a3900000, 0x00000000a39ac390, 0x00000000a3a00000| 67%| S|CS|TAMS 0x00000000a3900000| PB 0x00000000a3900000| Complete |  0
|  36|0x00000000a3a00000, 0x00000000a3b00000, 0x00000000a3b00000|100%| S|CS|TAMS 0x00000000a3a00000| PB 0x00000000a3a00000| Complete |  0
|  37|0x00000000a3b00000, 0x00000000a3b00000, 0x00000000a3c00000|  0%| F|  |TAMS 0x00000000a3b00000| PB 0x00000000a3b00000| Untracked |  0
|  38|0x00000000a3c00000, 0x00000000a3c00000, 0x00000000a3d00000|  0%| F|  |TAMS 0x00000000a3c00000| PB 0x00000000a3c00000| Untracked |  0
|  39|0x00000000a3d00000, 0x00000000a3e00000, 0x00000000a3e00000|100%| S|CS|TAMS 0x00000000a3d00000| PB 0x00000000a3d00000| Complete |  0
|  40|0x00000000a3e00000, 0x00000000a3f00000, 0x00000000a3f00000|100%| S|CS|TAMS 0x00000000a3e00000| PB 0x00000000a3e00000| Complete |  0
|  41|0x00000000a3f00000, 0x00000000a4000000, 0x00000000a4000000|100%| S|CS|TAMS 0x00000000a3f00000| PB 0x00000000a3f00000| Complete |  0
|  42|0x00000000a4000000, 0x00000000a4000000, 0x00000000a4100000|  0%| F|  |TAMS 0x00000000a4000000| PB 0x00000000a4000000| Untracked |  0
|  43|0x00000000a4100000, 0x00000000a4100000, 0x00000000a4200000|  0%| F|  |TAMS 0x00000000a4100000| PB 0x00000000a4100000| Untracked |  0
|  44|0x00000000a4200000, 0x00000000a4200000, 0x00000000a4300000|  0%| F|  |TAMS 0x00000000a4200000| PB 0x00000000a4200000| Untracked |  0
|  45|0x00000000a4300000, 0x00000000a4300000, 0x00000000a4400000|  0%| F|  |TAMS 0x00000000a4300000| PB 0x00000000a4300000| Untracked |  0
|  46|0x00000000a4400000, 0x00000000a4400000, 0x00000000a4500000|  0%| F|  |TAMS 0x00000000a4400000| PB 0x00000000a4400000| Untracked |  0
|  47|0x00000000a4500000, 0x00000000a4500000, 0x00000000a4600000|  0%| F|  |TAMS 0x00000000a4500000| PB 0x00000000a4500000| Untracked |  0
|  48|0x00000000a4600000, 0x00000000a4600000, 0x00000000a4700000|  0%| F|  |TAMS 0x00000000a4600000| PB 0x00000000a4600000| Untracked |  0
|  49|0x00000000a4700000, 0x00000000a4700000, 0x00000000a4800000|  0%| F|  |TAMS 0x00000000a4700000| PB 0x00000000a4700000| Untracked |  0
|  50|0x00000000a4800000, 0x00000000a4800000, 0x00000000a4900000|  0%| F|  |TAMS 0x00000000a4800000| PB 0x00000000a4800000| Untracked |  0
|  51|0x00000000a4900000, 0x00000000a4900000, 0x00000000a4a00000|  0%| F|  |TAMS 0x00000000a4900000| PB 0x00000000a4900000| Untracked |  0
|  52|0x00000000a4a00000, 0x00000000a4a00000, 0x00000000a4b00000|  0%| F|  |TAMS 0x00000000a4a00000| PB 0x00000000a4a00000| Untracked |  0
|  53|0x00000000a4b00000, 0x00000000a4b00000, 0x00000000a4c00000|  0%| F|  |TAMS 0x00000000a4b00000| PB 0x00000000a4b00000| Untracked |  0
|  54|0x00000000a4c00000, 0x00000000a4c00000, 0x00000000a4d00000|  0%| F|  |TAMS 0x00000000a4c00000| PB 0x00000000a4c00000| Untracked |  0
|  55|0x00000000a4d00000, 0x00000000a4d00000, 0x00000000a4e00000|  0%| F|  |TAMS 0x00000000a4d00000| PB 0x00000000a4d00000| Untracked |  0
|  56|0x00000000a4e00000, 0x00000000a4e00000, 0x00000000a4f00000|  0%| F|  |TAMS 0x00000000a4e00000| PB 0x00000000a4e00000| Untracked |  0
|  57|0x00000000a4f00000, 0x00000000a4f00000, 0x00000000a5000000|  0%| F|  |TAMS 0x00000000a4f00000| PB 0x00000000a4f00000| Untracked |  0
|  58|0x00000000a5000000, 0x00000000a5000000, 0x00000000a5100000|  0%| F|  |TAMS 0x00000000a5000000| PB 0x00000000a5000000| Untracked |  0
|  59|0x00000000a5100000, 0x00000000a5100000, 0x00000000a5200000|  0%| F|  |TAMS 0x00000000a5100000| PB 0x00000000a5100000| Untracked |  0
|  60|0x00000000a5200000, 0x00000000a5200000, 0x00000000a5300000|  0%| F|  |TAMS 0x00000000a5200000| PB 0x00000000a5200000| Untracked |  0
|  61|0x00000000a5300000, 0x00000000a5300000, 0x00000000a5400000|  0%| F|  |TAMS 0x00000000a5300000| PB 0x00000000a5300000| Untracked |  0
|  62|0x00000000a5400000, 0x00000000a5400000, 0x00000000a5500000|  0%| F|  |TAMS 0x00000000a5400000| PB 0x00000000a5400000| Untracked |  0
|  63|0x00000000a5500000, 0x00000000a5500000, 0x00000000a5600000|  0%| F|  |TAMS 0x00000000a5500000| PB 0x00000000a5500000| Untracked |  0
|  64|0x00000000a5600000, 0x00000000a5600000, 0x00000000a5700000|  0%| F|  |TAMS 0x00000000a5600000| PB 0x00000000a5600000| Untracked |  0
|  65|0x00000000a5700000, 0x00000000a5700000, 0x00000000a5800000|  0%| F|  |TAMS 0x00000000a5700000| PB 0x00000000a5700000| Untracked |  0
|  66|0x00000000a5800000, 0x00000000a5800000, 0x00000000a5900000|  0%| F|  |TAMS 0x00000000a5800000| PB 0x00000000a5800000| Untracked |  0
|  67|0x00000000a5900000, 0x00000000a5900000, 0x00000000a5a00000|  0%| F|  |TAMS 0x00000000a5900000| PB 0x00000000a5900000| Untracked |  0
|  68|0x00000000a5a00000, 0x00000000a5a00000, 0x00000000a5b00000|  0%| F|  |TAMS 0x00000000a5a00000| PB 0x00000000a5a00000| Untracked |  0
|  69|0x00000000a5b00000, 0x00000000a5b00000, 0x00000000a5c00000|  0%| F|  |TAMS 0x00000000a5b00000| PB 0x00000000a5b00000| Untracked |  0
|  70|0x00000000a5c00000, 0x00000000a5c00000, 0x00000000a5d00000|  0%| F|  |TAMS 0x00000000a5c00000| PB 0x00000000a5c00000| Untracked |  0
|  71|0x00000000a5d00000, 0x00000000a5d00000, 0x00000000a5e00000|  0%| F|  |TAMS 0x00000000a5d00000| PB 0x00000000a5d00000| Untracked |  0
|  72|0x00000000a5e00000, 0x00000000a5e00000, 0x00000000a5f00000|  0%| F|  |TAMS 0x00000000a5e00000| PB 0x00000000a5e00000| Untracked |  0
|  73|0x00000000a5f00000, 0x00000000a5f00000, 0x00000000a6000000|  0%| F|  |TAMS 0x00000000a5f00000| PB 0x00000000a5f00000| Untracked |  0
|  74|0x00000000a6000000, 0x00000000a6000000, 0x00000000a6100000|  0%| F|  |TAMS 0x00000000a6000000| PB 0x00000000a6000000| Untracked |  0
|  75|0x00000000a6100000, 0x00000000a6100000, 0x00000000a6200000|  0%| F|  |TAMS 0x00000000a6100000| PB 0x00000000a6100000| Untracked |  0
|  76|0x00000000a6200000, 0x00000000a6200000, 0x00000000a6300000|  0%| F|  |TAMS 0x00000000a6200000| PB 0x00000000a6200000| Untracked |  0
|  77|0x00000000a6300000, 0x00000000a6300000, 0x00000000a6400000|  0%| F|  |TAMS 0x00000000a6300000| PB 0x00000000a6300000| Untracked |  0
|  78|0x00000000a6400000, 0x00000000a6400000, 0x00000000a6500000|  0%| F|  |TAMS 0x00000000a6400000| PB 0x00000000a6400000| Untracked |  0
|  79|0x00000000a6500000, 0x00000000a6500000, 0x00000000a6600000|  0%| F|  |TAMS 0x00000000a6500000| PB 0x00000000a6500000| Untracked |  0
|  80|0x00000000a6600000, 0x00000000a6600000, 0x00000000a6700000|  0%| F|  |TAMS 0x00000000a6600000| PB 0x00000000a6600000| Untracked |  0
|  81|0x00000000a6700000, 0x00000000a6700000, 0x00000000a6800000|  0%| F|  |TAMS 0x00000000a6700000| PB 0x00000000a6700000| Untracked |  0
|  82|0x00000000a6800000, 0x00000000a6800000, 0x00000000a6900000|  0%| F|  |TAMS 0x00000000a6800000| PB 0x00000000a6800000| Untracked |  0
|  83|0x00000000a6900000, 0x00000000a6900000, 0x00000000a6a00000|  0%| F|  |TAMS 0x00000000a6900000| PB 0x00000000a6900000| Untracked |  0
|  84|0x00000000a6a00000, 0x00000000a6a00000, 0x00000000a6b00000|  0%| F|  |TAMS 0x00000000a6a00000| PB 0x00000000a6a00000| Untracked |  0
|  85|0x00000000a6b00000, 0x00000000a6b00000, 0x00000000a6c00000|  0%| F|  |TAMS 0x00000000a6b00000| PB 0x00000000a6b00000| Untracked |  0
|  86|0x00000000a6c00000, 0x00000000a6c00000, 0x00000000a6d00000|  0%| F|  |TAMS 0x00000000a6c00000| PB 0x00000000a6c00000| Untracked |  0
|  87|0x00000000a6d00000, 0x00000000a6d00000, 0x00000000a6e00000|  0%| F|  |TAMS 0x00000000a6d00000| PB 0x00000000a6d00000| Untracked |  0
|  88|0x00000000a6e00000, 0x00000000a6e00000, 0x00000000a6f00000|  0%| F|  |TAMS 0x00000000a6e00000| PB 0x00000000a6e00000| Untracked |  0
|  89|0x00000000a6f00000, 0x00000000a6f00000, 0x00000000a7000000|  0%| F|  |TAMS 0x00000000a6f00000| PB 0x00000000a6f00000| Untracked |  0
|  90|0x00000000a7000000, 0x00000000a7000000, 0x00000000a7100000|  0%| F|  |TAMS 0x00000000a7000000| PB 0x00000000a7000000| Untracked |  0
|  91|0x00000000a7100000, 0x00000000a7100000, 0x00000000a7200000|  0%| F|  |TAMS 0x00000000a7100000| PB 0x00000000a7100000| Untracked |  0
|  92|0x00000000a7200000, 0x00000000a7200000, 0x00000000a7300000|  0%| F|  |TAMS 0x00000000a7200000| PB 0x00000000a7200000| Untracked |  0
|  93|0x00000000a7300000, 0x00000000a7300000, 0x00000000a7400000|  0%| F|  |TAMS 0x00000000a7300000| PB 0x00000000a7300000| Untracked |  0
|  94|0x00000000a7400000, 0x00000000a7500000, 0x00000000a7500000|100%| E|  |TAMS 0x00000000a7400000| PB 0x00000000a7400000| Complete |  0
|  95|0x00000000a7500000, 0x00000000a7600000, 0x00000000a7600000|100%| E|CS|TAMS 0x00000000a7500000| PB 0x00000000a7500000| Complete |  0
|1512|0x00000000ffe00000, 0x00000000fff00000, 0x00000000fff00000|100%| O|  |TAMS 0x00000000ffe00000| PB 0x00000000ffe00000| Untracked |  0
|1513|0x00000000fff00000, 0x00000000fff257b8, 0x0000000100000000| 14%| O|  |TAMS 0x00000000fff00000| PB 0x00000000fff00000| Untracked |  0

Card table byte_map: [0x0000022759b90000,0x0000022759e90000] _byte_map_base: 0x0000022759685000

Marking Bits: (CMBitMap*) 0x0000022741d09800
 Bits: [0x0000022759e90000, 0x000002275b638000)

Polling page: 0x000002273fd90000

Metaspace:
Metaspace        used 17035K, committed 17280K, reserved 1114112K
 class space     used 2019K, committed 2112K, reserved 1048576K

Usage:
  Non-class:     14.66 MB used.
      Class:      1.97 MB used.
       Both:     16.64 MB used.

Virtual space:
  Non-class space:       64.00 MB reserved,      14.81 MB ( 23%) committed,  1 nodes.
      Class space:        1.00 GB reserved,       2.06 MB ( <1%) committed,  1 nodes.
             Both:        1.06 GB reserved,      16.88 MB (  2%) committed. 

Chunk freelists:
   Non-Class:  1008.00 KB
       Class:  13.78 MB
        Both:  14.76 MB

MaxMetaspaceSize: unlimited
CompressedClassSpaceSize: 1.00 GB
Initial GC threshold: 21.00 MB
Current GC threshold: 21.00 MB
CDS: on
 - commit_granule_bytes: 65536.
 - commit_granule_words: 8192.
 - virtual_space_node_default_size: 8388608.
 - enlarge_chunks_in_place: 1.
UseCompressedClassPointers 1, UseCompactObjectHeaders 0
Narrow klass pointer bits 32, Max shift 3
Narrow klass base: 0x0000000021000000, Narrow klass shift: 0
Encoding Range: [0x0000000021000000 - 0x0000000121000000), (4294967296 bytes)
Klass Range:    [0x0000000021010000 - 0x0000000062000000), (1090453504 bytes)
Klass ID Range:  [65536 - 1090519033) (1090453497)
Protection zone: [0x0000000021000000 - 0x0000000021010000), (65536 bytes)


Internal statistics:

num_allocs_failed_limit: 0.
num_arena_births: 166.
num_arena_deaths: 0.
num_vsnodes_births: 2.
num_vsnodes_deaths: 0.
num_space_committed: 270.
num_space_uncommitted: 0.
num_chunks_returned_to_freelist: 0.
num_chunks_taken_from_freelist: 763.
num_chunk_merges: 0.
num_chunk_splits: 516.
num_chunks_enlarged: 413.
num_inconsistent_stats: 0.

CodeHeap 'non-profiled nmethods': size=120064Kb used=1941Kb max_used=1941Kb free=118123Kb
 bounds [0x0000022752010000, 0x0000022752280000, 0x0000022759550000]
CodeHeap 'profiled nmethods': size=120000Kb used=8974Kb max_used=8974Kb free=111025Kb
 bounds [0x000002274a550000, 0x000002274ae20000, 0x0000022751a80000]
CodeHeap 'non-nmethods': size=5696Kb used=1411Kb max_used=1534Kb free=4284Kb
 bounds [0x0000022751a80000, 0x0000022751cf0000, 0x0000022752010000]
CodeCache: size=245760Kb, used=12326Kb, max_used=12449Kb, free=233432Kb
 total_blobs=5853, nmethods=5320, adapters=435, full_count=0
Compilation: enabled, stopped_count=0, restarted_count=0

Compilation events (20 events):
Event: 13.523 Thread 0x000002275e02dda0 5297       3       java.lang.classfile.ClassHierarchyResolver$1Factory::get (8 bytes)
Event: 13.524 Thread 0x000002275e02dda0 nmethod 5297 0x000002274ae06808 code [0x000002274ae06900, 0x000002274ae06b90]
Event: 13.524 Thread 0x000002275e02dda0 5298       3       jdk.internal.classfile.impl.StackMapGenerator$Frame::<init> (75 bytes)
Event: 13.524 Thread 0x000002275e02dda0 nmethod 5298 0x000002274ae06c08 code [0x000002274ae06d00, 0x000002274ae07170]
Event: 13.524 Thread 0x000002275e02dda0 5300       3       jdk.internal.classfile.impl.StackMapGenerator$Frame::<init> (13 bytes)
Event: 13.525 Thread 0x000002275e02dda0 nmethod 5300 0x000002274ae07188 code [0x000002274ae07280, 0x000002274ae073e0]
Event: 13.525 Thread 0x000002275e02dda0 5294       3       java.lang.invoke.MethodHandles$Lookup::maybeBindCaller (72 bytes)
Event: 13.526 Thread 0x000002275e02dda0 nmethod 5294 0x000002274ae07488 code [0x000002274ae07580, 0x000002274ae07e38]
Event: 13.526 Thread 0x000002275e02dda0 5293       3       java.lang.invoke.MethodHandles$Lookup::checkMethod (87 bytes)
Event: 13.527 Thread 0x000002275e02dda0 nmethod 5293 0x000002274ae07e88 code [0x000002274ae07f80, 0x000002274ae08818]
Event: 13.527 Thread 0x000002275e02dda0 5302       3       java.lang.invoke.MethodHandles$Lookup::makeHiddenClassDefiner (43 bytes)
Event: 13.528 Thread 0x000002275e02dda0 nmethod 5302 0x000002274ae08888 code [0x000002274ae08980, 0x000002274ae08e08]
Event: 13.534 Thread 0x000002275e00f7c0 nmethod 5028 0x00000227521f1308 code [0x00000227521f1400, 0x00000227521f1d40]
Event: 13.534 Thread 0x000002275e00f7c0 4979       4       org.codehaus.plexus.interpolation.PrefixedValueSourceWrapper::getValue (39 bytes)
Event: 13.558 Thread 0x000002275e02dda0 5303       3       java.lang.ref.ReferenceQueue::enqueue0 (101 bytes)
Event: 13.559 Thread 0x000002275e02dda0 nmethod 5303 0x000002274ae08e88 code [0x000002274ae08f80, 0x000002274ae09538]
Event: 13.559 Thread 0x000002275e02dda0 5304       3       java.lang.Package::<init> (47 bytes)
Event: 13.560 Thread 0x000002275e02dda0 nmethod 5304 0x000002274ae09588 code [0x000002274ae09680, 0x000002274ae09b48]
Event: 13.560 Thread 0x000002275e02dda0 5305       3       java.lang.Package$VersionInfo::getInstance (53 bytes)
Event: 13.561 Thread 0x000002275e02dda0 nmethod 5305 0x000002274ae09b88 code [0x000002274ae09c80, 0x000002274ae09fe0]

GC Heap Usage History (10 events):
Event: 5.272 {heap Before GC invocations=0 (full 0):
 garbage-first heap   total reserved 1550336K, committed 100352K, used 49301K [0x00000000a1600000, 0x0000000100000000)
  region size 1024K, 47 young (48128K), 0 survivors (0K)
}
Event: 5.291 {heap After GC invocations=1 (full 0):
 garbage-first heap   total reserved 1550336K, committed 100352K, used 5781K [0x00000000a1600000, 0x0000000100000000)
  region size 1024K, 5 young (5120K), 5 survivors (5120K)
}
Event: 8.904 {heap Before GC invocations=1 (full 0):
 garbage-first heap   total reserved 1550336K, committed 100352K, used 48789K [0x00000000a1600000, 0x0000000100000000)
  region size 1024K, 47 young (48128K), 5 survivors (5120K)
}
Event: 8.927 {heap After GC invocations=2 (full 0):
 garbage-first heap   total reserved 1550336K, committed 100352K, used 10389K [0x00000000a1600000, 0x0000000100000000)
  region size 1024K, 5 young (5120K), 5 survivors (5120K)
}
Event: 10.641 {heap Before GC invocations=2 (full 0):
 garbage-first heap   total reserved 1550336K, committed 100352K, used 58517K [0x00000000a1600000, 0x0000000100000000)
  region size 1024K, 52 young (53248K), 5 survivors (5120K)
}
Event: 10.665 {heap After GC invocations=3 (full 0):
 garbage-first heap   total reserved 1550336K, committed 100352K, used 14929K [0x00000000a1600000, 0x0000000100000000)
  region size 1024K, 5 young (5120K), 5 survivors (5120K)
}
Event: 11.533 {heap Before GC invocations=3 (full 0):
 garbage-first heap   total reserved 1550336K, committed 100352K, used 66129K [0x00000000a1600000, 0x0000000100000000)
  region size 1024K, 55 young (56320K), 5 survivors (5120K)
}
Event: 11.548 {heap After GC invocations=4 (full 0):
 garbage-first heap   total reserved 1550336K, committed 100352K, used 18816K [0x00000000a1600000, 0x0000000100000000)
  region size 1024K, 4 young (4096K), 4 survivors (4096K)
}
Event: 13.542 {heap Before GC invocations=4 (full 0):
 garbage-first heap   total reserved 1550336K, committed 100352K, used 72064K [0x00000000a1600000, 0x0000000100000000)
  region size 1024K, 56 young (57344K), 4 survivors (4096K)
}
Event: 13.558 {heap After GC invocations=5 (full 0):
 garbage-first heap   total reserved 1550336K, committed 100352K, used 20090K [0x00000000a1600000, 0x0000000100000000)
  region size 1024K, 5 young (5120K), 5 survivors (5120K)
}

Metaspace Usage History (10 events):
Event: 5.273 {metaspace Before GC invocations=0 (full 0):
 Metaspace       used 9093K, committed 9280K, reserved 1114112K
  class space    used 1116K, committed 1216K, reserved 1048576K
}
Event: 5.291 {metaspace After GC invocations=1 (full 0):
 Metaspace       used 9093K, committed 9280K, reserved 1114112K
  class space    used 1116K, committed 1216K, reserved 1048576K
}
Event: 8.904 {metaspace Before GC invocations=1 (full 0):
 Metaspace       used 14699K, committed 14912K, reserved 1114112K
  class space    used 1825K, committed 1920K, reserved 1048576K
}
Event: 8.927 {metaspace After GC invocations=2 (full 0):
 Metaspace       used 14699K, committed 14912K, reserved 1114112K
  class space    used 1825K, committed 1920K, reserved 1048576K
}
Event: 10.641 {metaspace Before GC invocations=2 (full 0):
 Metaspace       used 15693K, committed 16000K, reserved 1114112K
  class space    used 1915K, committed 2048K, reserved 1048576K
}
Event: 10.665 {metaspace After GC invocations=3 (full 0):
 Metaspace       used 15693K, committed 16000K, reserved 1114112K
  class space    used 1915K, committed 2048K, reserved 1048576K
}
Event: 11.533 {metaspace Before GC invocations=3 (full 0):
 Metaspace       used 16105K, committed 16384K, reserved 1114112K
  class space    used 1920K, committed 2048K, reserved 1048576K
}
Event: 11.548 {metaspace After GC invocations=4 (full 0):
 Metaspace       used 16105K, committed 16384K, reserved 1114112K
  class space    used 1920K, committed 2048K, reserved 1048576K
}
Event: 13.542 {metaspace Before GC invocations=4 (full 0):
 Metaspace       used 16752K, committed 17024K, reserved 1114112K
  class space    used 1968K, committed 2112K, reserved 1048576K
}
Event: 13.558 {metaspace After GC invocations=5 (full 0):
 Metaspace       used 16752K, committed 17024K, reserved 1114112K
  class space    used 1968K, committed 2112K, reserved 1048576K
}

Dll operation events (7 events):
Event: 0.036 Loaded shared library C:\Users\HP\Downloads\jdk-25_windows-x64_bin\jdk-25.0.2\bin\java.dll
Event: 0.146 Loaded shared library C:\Users\HP\Downloads\jdk-25_windows-x64_bin\jdk-25.0.2\bin\net.dll
Event: 0.151 Loaded shared library C:\Users\HP\Downloads\jdk-25_windows-x64_bin\jdk-25.0.2\bin\nio.dll
Event: 0.159 Loaded shared library C:\Users\HP\Downloads\jdk-25_windows-x64_bin\jdk-25.0.2\bin\zip.dll
Event: 0.446 Loaded shared library C:\Users\HP\Downloads\jdk-25_windows-x64_bin\jdk-25.0.2\bin\jimage.dll
Event: 0.448 Loaded shared library C:\Users\HP\.m2\wrapper\dists\apache-maven-3.9.12\59fe215c0ad6947fea90184bf7add084544567b927287592651fda3782e0e798\lib\jansi-native\Windows\x86_64\jansi.dll
Event: 0.478 Loaded shared library C:\Users\HP\Downloads\jdk-25_windows-x64_bin\jdk-25.0.2\bin\verify.dll

Deoptimization events (20 events):
Event: 13.402 Thread 0x0000022741cc5800 Uncommon trap: trap_request=0xffffffc6 fr.pc=0x00000227520d6dfc relative=0x000000000000007c
Event: 13.402 Thread 0x0000022741cc5800 Uncommon trap: reason=bimorphic_or_optimized_type_check action=maybe_recompile pc=0x00000227520d6dfc method=com.google.inject.internal.LinkedBindingImpl.acceptTargetVisitor(Lcom/google/inject/spi/BindingTargetVisitor;)Ljava/lang/Object; @ 2 c2
Event: 13.402 Thread 0x0000022741cc5800 DEOPT PACKING pc=0x00000227520d6dfc sp=0x000000f594efda70
Event: 13.402 Thread 0x0000022741cc5800 DEOPT UNPACKING pc=0x0000022751ba2f02 sp=0x000000f594efd9f8 mode 2
Event: 13.488 Thread 0x0000022741cc5800 Uncommon trap: trap_request=0xffffffc6 fr.pc=0x00000227520d6dfc relative=0x000000000000007c
Event: 13.488 Thread 0x0000022741cc5800 Uncommon trap: reason=bimorphic_or_optimized_type_check action=maybe_recompile pc=0x00000227520d6dfc method=com.google.inject.internal.LinkedBindingImpl.acceptTargetVisitor(Lcom/google/inject/spi/BindingTargetVisitor;)Ljava/lang/Object; @ 2 c2
Event: 13.488 Thread 0x0000022741cc5800 DEOPT PACKING pc=0x00000227520d6dfc sp=0x000000f594efda70
Event: 13.488 Thread 0x0000022741cc5800 DEOPT UNPACKING pc=0x0000022751ba2f02 sp=0x000000f594efd9f8 mode 2
Event: 13.488 Thread 0x0000022741cc5800 Uncommon trap: trap_request=0xffffffc6 fr.pc=0x00000227520d6dfc relative=0x000000000000007c
Event: 13.488 Thread 0x0000022741cc5800 Uncommon trap: reason=bimorphic_or_optimized_type_check action=maybe_recompile pc=0x00000227520d6dfc method=com.google.inject.internal.LinkedBindingImpl.acceptTargetVisitor(Lcom/google/inject/spi/BindingTargetVisitor;)Ljava/lang/Object; @ 2 c2
Event: 13.488 Thread 0x0000022741cc5800 DEOPT PACKING pc=0x00000227520d6dfc sp=0x000000f594efda70
Event: 13.488 Thread 0x0000022741cc5800 DEOPT UNPACKING pc=0x0000022751ba2f02 sp=0x000000f594efd9f8 mode 2
Event: 13.497 Thread 0x0000022741cc5800 Uncommon trap: trap_request=0xfffffff4 fr.pc=0x00000227521bc2cc relative=0x000000000000054c
Event: 13.497 Thread 0x0000022741cc5800 Uncommon trap: reason=null_check action=make_not_entrant pc=0x00000227521bc2cc method=com.google.inject.internal.InjectorImpl.enterContext()Lcom/google/inject/internal/InternalContext; @ 7 c2
Event: 13.497 Thread 0x0000022741cc5800 DEOPT PACKING pc=0x00000227521bc2cc sp=0x000000f594efdb00
Event: 13.497 Thread 0x0000022741cc5800 DEOPT UNPACKING pc=0x0000022751ba2f02 sp=0x000000f594efdad0 mode 2
Event: 13.497 Thread 0x0000022741cc5800 Uncommon trap: trap_request=0xffffff45 fr.pc=0x00000227521ca2bc relative=0x000000000000043c
Event: 13.497 Thread 0x0000022741cc5800 Uncommon trap: reason=unstable_if action=reinterpret pc=0x00000227521ca2bc method=java.util.HashMap.keysToArray([Ljava/lang/Object;)[Ljava/lang/Object; @ 9 c2
Event: 13.498 Thread 0x0000022741cc5800 DEOPT PACKING pc=0x00000227521ca2bc sp=0x000000f594efd220
Event: 13.498 Thread 0x0000022741cc5800 DEOPT UNPACKING pc=0x0000022751ba2f02 sp=0x000000f594efd1a8 mode 2

Classes loaded (20 events):
Event: 8.391 Loading class java/util/stream/Streams$RangeIntSpliterator
Event: 8.392 Loading class java/util/stream/Streams$RangeIntSpliterator done
Event: 11.115 Loading class sun/nio/cs/ISO_8859_1$Decoder
Event: 11.115 Loading class sun/nio/cs/ISO_8859_1$Decoder done
Event: 13.386 Loading class jdk/internal/util/Exceptions$SensitiveInfo
Event: 13.392 Loading class jdk/internal/util/Exceptions$SensitiveInfo done
Event: 13.392 Loading class jdk/internal/util/Exceptions$JarInfo
Event: 13.392 Loading class jdk/internal/util/Exceptions$JarInfo done
Event: 13.403 Loading class org/w3c/dom/Node
Event: 13.431 Loading class org/w3c/dom/Node done
Event: 13.431 Loading class javax/xml/parsers/ParserConfigurationException
Event: 13.433 Loading class javax/xml/parsers/ParserConfigurationException done
Event: 13.433 Loading class org/xml/sax/SAXException
Event: 13.436 Loading class org/xml/sax/SAXException done
Event: 13.437 Loading class org/w3c/dom/Document
Event: 13.456 Loading class org/w3c/dom/Document done
Event: 13.457 Loading class org/w3c/dom/Element
Event: 13.457 Loading class org/w3c/dom/Element done
Event: 14.571 Loading class java/net/URISyntaxException
Event: 14.572 Loading class java/net/URISyntaxException done

Classes unloaded (0 events):
No events

Classes redefined (0 events):
No events

Internal exceptions (20 events):
Event: 8.042 Thread 0x0000022741cc5800 Implicit null exception at 0x000002275204e4b6 to 0x000002275204ee98
Event: 8.146 Thread 0x0000022741cc5800 Exception <a 'java/lang/NoSuchMethodError'{0x00000000a5ff8728}: 'void java.lang.invoke.DirectMethodHandle$Holder.invokeSpecial(java.lang.Object, java.lang.Object, java.lang.Object, java.lang.Object, java.lang.Object, java.lang.Object)'> (0x00000000a5ff8728) 
thrown [s\open\src\hotspot\share\interpreter\linkResolver.cpp, line 804]
Event: 8.184 Thread 0x0000022741cc5800 Exception <a 'java/lang/NoSuchMethodError'{0x00000000a5d090b0}: 'java.lang.Object java.lang.invoke.DirectMethodHandle$Holder.invokeVirtual(java.lang.Object, java.lang.Object, java.lang.Object)'> (0x00000000a5d090b0) 
thrown [s\open\src\hotspot\share\interpreter\linkResolver.cpp, line 804]
Event: 8.305 Thread 0x0000022741cc5800 Exception <a 'java/lang/NoSuchMethodError'{0x00000000a5c98f00}: 'void java.lang.invoke.DirectMethodHandle$Holder.invokeVirtual(java.lang.Object, java.lang.Object, int)'> (0x00000000a5c98f00) 
thrown [s\open\src\hotspot\share\interpreter\linkResolver.cpp, line 804]
Event: 8.316 Thread 0x0000022741cc5800 Exception <a 'java/lang/NoSuchMethodError'{0x00000000a5cb1d28}: 'java.lang.Object java.lang.invoke.DirectMethodHandle$Holder.invokeStatic(java.lang.Object, java.lang.Object, java.lang.Object, java.lang.Object, int)'> (0x00000000a5cb1d28) 
thrown [s\open\src\hotspot\share\interpreter\linkResolver.cpp, line 804]
Event: 8.319 Thread 0x0000022741cc5800 Exception <a 'java/lang/NoSuchMethodError'{0x00000000a5cc3458}: 'void java.lang.invoke.DirectMethodHandle$Holder.invokeSpecial(java.lang.Object, java.lang.Object, java.lang.Object, int)'> (0x00000000a5cc3458) 
thrown [s\open\src\hotspot\share\interpreter\linkResolver.cpp, line 804]
Event: 8.320 Thread 0x0000022741cc5800 Exception <a 'java/lang/NoSuchMethodError'{0x00000000a5ccb7f0}: 'void java.lang.invoke.DelegatingMethodHandle$Holder.reinvoke_L(java.lang.Object, java.lang.Object, int)'> (0x00000000a5ccb7f0) 
thrown [s\open\src\hotspot\share\interpreter\linkResolver.cpp, line 804]
Event: 9.153 Thread 0x0000022741cc5800 Exception <a 'java/lang/NoSuchMethodError'{0x00000000a6ef8c70}: 'java.lang.Object java.lang.invoke.DirectMethodHandle$Holder.invokeInterface(java.lang.Object, java.lang.Object, java.lang.Object, java.lang.Object, java.lang.Object)'> (0x00000000a6ef8c70) 
thrown [s\open\src\hotspot\share\interpreter\linkResolver.cpp, line 804]
Event: 9.159 Thread 0x0000022741cc5800 Exception <a 'java/lang/NoSuchMethodError'{0x00000000a6d26748}: 'java.lang.Object java.lang.invoke.Invokers$Holder.invokeExact_MT(java.lang.Object, java.lang.Object, java.lang.Object, java.lang.Object, java.lang.Object, java.lang.Object)'> (0x00000000a6d26748) 
thrown [s\open\src\hotspot\share\interpreter\linkResolver.cpp, line 804]
Event: 9.247 Thread 0x0000022741cc5800 Exception <a 'java/lang/NoSuchMethodError'{0x00000000a6b92fd8}: 'void java.lang.invoke.DirectMethodHandle$Holder.invokeInterface(java.lang.Object, java.lang.Object, java.lang.Object)'> (0x00000000a6b92fd8) 
thrown [s\open\src\hotspot\share\interpreter\linkResolver.cpp, line 804]
Event: 9.249 Thread 0x0000022741cc5800 Exception <a 'java/lang/IncompatibleClassChangeError'{0x00000000a6b9aff0}: Found class java.lang.Object, but interface was expected> (0x00000000a6b9aff0) 
thrown [s\open\src\hotspot\share\interpreter\linkResolver.cpp, line 871]
Event: 9.250 Thread 0x0000022741cc5800 Exception <a 'java/lang/NoSuchMethodError'{0x00000000a6b9c228}: 'void java.lang.invoke.DirectMethodHandle$Holder.invokeStatic(java.lang.Object, java.lang.Object, java.lang.Object, java.lang.Object)'> (0x00000000a6b9c228) 
thrown [s\open\src\hotspot\share\interpreter\linkResolver.cpp, line 804]
Event: 10.126 Thread 0x0000022741cc5800 Exception <a 'java/lang/NoSuchMethodError'{0x00000000a5fe4818}: 'int java.lang.invoke.DirectMethodHandle$Holder.invokeSpecialIFC(java.lang.Object, java.lang.Object, java.lang.Object, java.lang.Object)'> (0x00000000a5fe4818) 
thrown [s\open\src\hotspot\share\interpreter\linkResolver.cpp, line 804]
Event: 12.614 Thread 0x0000022741cc5800 Implicit null exception at 0x00000227521952c8 to 0x0000022752195488
Event: 12.614 Thread 0x0000022741cc5800 Implicit null exception at 0x0000022752192dc8 to 0x0000022752192f80
Event: 12.615 Thread 0x0000022741cc5800 Implicit null exception at 0x00000227520a279d to 0x00000227520a2815
Event: 13.114 Thread 0x0000022741cc5800 Exception <a 'java/lang/NoSuchMethodError'{0x00000000a45f5f98}: 'java.lang.Object java.lang.invoke.DirectMethodHandle$Holder.newInvokeSpecial(java.lang.Object, java.lang.Object, java.lang.Object, java.lang.Object, java.lang.Object, java.lang.Object, java.lang.Object)'> (0x00000000a45f5f98) 
thrown [s\open\src\hotspot\share\interpreter\linkResolver.cpp, line 804]
Event: 13.118 Thread 0x0000022741cc5800 Implicit null exception at 0x00000227521a76c2 to 0x00000227521a9134
Event: 13.497 Thread 0x0000022741cc5800 Implicit null exception at 0x00000227521bbe20 to 0x00000227521bc2bc
Event: 13.523 Thread 0x0000022741cc5800 Exception <a 'java/lang/NoSuchMethodError'{0x00000000a40c3dc0}: 'int java.lang.invoke.DirectMethodHandle$Holder.invokeVirtual(java.lang.Object, java.lang.Object)'> (0x00000000a40c3dc0) 
thrown [s\open\src\hotspot\share\interpreter\linkResolver.cpp, line 804]

VM Operations (20 events):
Event: 6.401 Executing non-safepoint VM operation: HandshakeAllThreads (Deoptimize)
Event: 6.401 Executing non-safepoint VM operation: HandshakeAllThreads (Deoptimize) done
Event: 6.524 Executing non-safepoint VM operation: HandshakeAllThreads (Deoptimize)
Event: 6.524 Executing non-safepoint VM operation: HandshakeAllThreads (Deoptimize) done
Event: 6.818 Executing non-safepoint VM operation: HandshakeAllThreads (Deoptimize)
Event: 6.818 Executing non-safepoint VM operation: HandshakeAllThreads (Deoptimize) done
Event: 7.904 Executing non-safepoint VM operation: HandshakeAllThreads (Deoptimize)
Event: 7.904 Executing non-safepoint VM operation: HandshakeAllThreads (Deoptimize) done
Event: 7.960 Executing non-safepoint VM operation: HandshakeAllThreads (Deoptimize)
Event: 7.960 Executing non-safepoint VM operation: HandshakeAllThreads (Deoptimize) done
Event: 7.962 Executing non-safepoint VM operation: HandshakeAllThreads (Deoptimize)
Event: 7.962 Executing non-safepoint VM operation: HandshakeAllThreads (Deoptimize) done
Event: 8.904 Executing safepoint VM operation: G1CollectForAllocation (G1 Evacuation Pause)
Event: 8.927 Executing safepoint VM operation: G1CollectForAllocation (G1 Evacuation Pause) done
Event: 10.641 Executing safepoint VM operation: G1CollectForAllocation (G1 Evacuation Pause)
Event: 10.665 Executing safepoint VM operation: G1CollectForAllocation (G1 Evacuation Pause) done
Event: 11.533 Executing safepoint VM operation: G1CollectForAllocation (G1 Evacuation Pause)
Event: 11.548 Executing safepoint VM operation: G1CollectForAllocation (G1 Evacuation Pause) done
Event: 13.542 Executing safepoint VM operation: G1CollectForAllocation (G1 Evacuation Pause)
Event: 13.558 Executing safepoint VM operation: G1CollectForAllocation (G1 Evacuation Pause) done

Memory protections (0 events):
No events

Nmethod flushes (0 events):
No events

Events (18 events):
Event: 0.089 Thread 0x0000022741cc5800 Thread added: 0x0000022741cc5800
Event: 0.121 Thread 0x0000022741cc5800 Thread added: 0x000002275dffda90
Event: 0.121 Thread 0x0000022741cc5800 Thread added: 0x000002275dffe4f0
Event: 0.122 Thread 0x0000022741cc5800 Thread added: 0x000002275e003590
Event: 0.122 Thread 0x0000022741cc5800 Thread added: 0x000002275e004150
Event: 0.122 Thread 0x0000022741cc5800 Thread added: 0x000002275e005880
Event: 0.122 Thread 0x0000022741cc5800 Thread added: 0x000002275e007750
Event: 0.122 Thread 0x0000022741cc5800 Thread added: 0x000002275e00f7c0
Event: 0.123 Thread 0x0000022741cc5800 Thread added: 0x000002275e02dda0
Event: 0.138 Thread 0x0000022741cc5800 Thread added: 0x000002275e1792c0
Event: 0.142 Thread 0x0000022741cc5800 Thread added: 0x000002275e17d130
Event: 0.441 Thread 0x0000022741cc5800 Thread added: 0x000002275e467940
Event: 1.269 Thread 0x000002275e467940 Thread exited: 0x000002275e467940
Event: 2.813 Thread 0x000002275e02dda0 Thread added: 0x000002275ee19f40
Event: 5.101 Thread 0x000002275ee19f40 Thread exited: 0x000002275ee19f40
Event: 6.873 Thread 0x0000022741cc5800 Thread added: 0x000002275e9effe0
Event: 9.077 Thread 0x000002275e00f7c0 Thread added: 0x0000022763176150
Event: 9.631 Thread 0x0000022763176150 Thread exited: 0x0000022763176150


Dynamic libraries:
0x00007ff695da0000 - 0x00007ff695db0000 	C:\Users\HP\Downloads\jdk-25_windows-x64_bin\jdk-25.0.2\bin\java.exe
0x00007ffa57740000 - 0x00007ffa579a7000 	C:\WINDOWS\SYSTEM32\ntdll.dll
0x00007ffa563e0000 - 0x00007ffa564a9000 	C:\WINDOWS\System32\KERNEL32.DLL
0x00007ffa54170000 - 0x00007ffa54561000 	C:\WINDOWS\System32\KERNELBASE.dll
0x00007ffa54020000 - 0x00007ffa5416b000 	C:\WINDOWS\System32\ucrtbase.dll
0x00007ffa517e0000 - 0x00007ffa517f7000 	C:\Users\HP\Downloads\jdk-25_windows-x64_bin\jdk-25.0.2\bin\jli.dll
0x00007ffa4f8f0000 - 0x00007ffa4f90e000 	C:\Users\HP\Downloads\jdk-25_windows-x64_bin\jdk-25.0.2\bin\VCRUNTIME140.dll
0x00007ffa55fc0000 - 0x00007ffa56185000 	C:\WINDOWS\System32\USER32.dll
0x00007ffa39f30000 - 0x00007ffa3a1c3000 	C:\WINDOWS\WinSxS\amd64_microsoft.windows.common-controls_6595b64144ccf1df_6.0.26100.8037_none_3e092faae333b53b\COMCTL32.dll
0x00007ffa553f0000 - 0x00007ffa55417000 	C:\WINDOWS\System32\win32u.dll
0x00007ffa56570000 - 0x00007ffa56619000 	C:\WINDOWS\System32\msvcrt.dll
0x00007ffa571a0000 - 0x00007ffa571cb000 	C:\WINDOWS\System32\GDI32.dll
0x00007ffa54570000 - 0x00007ffa5469b000 	C:\WINDOWS\System32\gdi32full.dll
0x00007ffa54ad0000 - 0x00007ffa54b73000 	C:\WINDOWS\System32\msvcp_win.dll
0x00007ffa56ce0000 - 0x00007ffa56d11000 	C:\WINDOWS\System32\IMM32.DLL
0x00007ffa4f930000 - 0x00007ffa4f93c000 	C:\Users\HP\Downloads\jdk-25_windows-x64_bin\jdk-25.0.2\bin\vcruntime140_1.dll
0x00007ffa4f860000 - 0x00007ffa4f8ed000 	C:\Users\HP\Downloads\jdk-25_windows-x64_bin\jdk-25.0.2\bin\msvcp140.dll
0x00007ff99cfc0000 - 0x00007ff99de1f000 	C:\Users\HP\Downloads\jdk-25_windows-x64_bin\jdk-25.0.2\bin\server\jvm.dll
0x00007ffa56e50000 - 0x00007ffa56f0b000 	C:\WINDOWS\System32\ADVAPI32.dll
0x00007ffa56320000 - 0x00007ffa563c7000 	C:\WINDOWS\System32\sechost.dll
0x00007ffa56620000 - 0x00007ffa56738000 	C:\WINDOWS\System32\RPCRT4.dll
0x00007ffa56200000 - 0x00007ffa56274000 	C:\WINDOWS\System32\WS2_32.dll
0x00007ffa4bfe0000 - 0x00007ffa4bfeb000 	C:\WINDOWS\SYSTEM32\VERSION.dll
0x00007ffa53ea0000 - 0x00007ffa53efe000 	C:\WINDOWS\SYSTEM32\POWRPROF.dll
0x00007ffa4bfa0000 - 0x00007ffa4bfd5000 	C:\WINDOWS\SYSTEM32\WINMM.dll
0x00007ffa53e80000 - 0x00007ffa53e94000 	C:\WINDOWS\SYSTEM32\UMPDC.dll
0x00007ffa52db0000 - 0x00007ffa52dcb000 	C:\WINDOWS\SYSTEM32\kernel.appcore.dll
0x00007ffa4f850000 - 0x00007ffa4f85a000 	C:\Users\HP\Downloads\jdk-25_windows-x64_bin\jdk-25.0.2\bin\jimage.dll
0x00007ffa4c420000 - 0x00007ffa4c662000 	C:\WINDOWS\SYSTEM32\DBGHELP.DLL
0x00007ffa571d0000 - 0x00007ffa57552000 	C:\WINDOWS\System32\combase.dll
0x00007ffa56d20000 - 0x00007ffa56df7000 	C:\WINDOWS\System32\OLEAUT32.dll
0x00007ffa3c930000 - 0x00007ffa3c96b000 	C:\WINDOWS\SYSTEM32\dbgcore.DLL
0x00007ffa54820000 - 0x00007ffa548c5000 	C:\WINDOWS\System32\bcryptPrimitives.dll
0x00007ffa3ed60000 - 0x00007ffa3ed7f000 	C:\Users\HP\Downloads\jdk-25_windows-x64_bin\jdk-25.0.2\bin\java.dll
0x00007ffa57560000 - 0x00007ffa576f5000 	C:\WINDOWS\System32\ole32.dll
0x00007ffa55850000 - 0x00007ffa55faf000 	C:\WINDOWS\System32\SHELL32.dll
0x00007ffa548d0000 - 0x00007ffa54a3a000 	C:\WINDOWS\System32\wintypes.dll
0x00007ffa54b80000 - 0x00007ffa553e4000 	C:\WINDOWS\System32\windows.storage.dll
0x00007ffa55750000 - 0x00007ffa55847000 	C:\WINDOWS\System32\SHCORE.dll
0x00007ffa56190000 - 0x00007ffa561f7000 	C:\WINDOWS\System32\shlwapi.dll
0x00007ffa53f40000 - 0x00007ffa53f69000 	C:\WINDOWS\SYSTEM32\profapi.dll
0x00007ffa3ed40000 - 0x00007ffa3ed52000 	C:\Users\HP\Downloads\jdk-25_windows-x64_bin\jdk-25.0.2\bin\net.dll
0x00007ffa53320000 - 0x00007ffa5338b000 	C:\WINDOWS\system32\mswsock.dll
0x00007ffa3ed20000 - 0x00007ffa3ed36000 	C:\Users\HP\Downloads\jdk-25_windows-x64_bin\jdk-25.0.2\bin\nio.dll
0x00007ffa3ed00000 - 0x00007ffa3ed17000 	C:\Users\HP\Downloads\jdk-25_windows-x64_bin\jdk-25.0.2\bin\zip.dll
0x00007ffa3ecd0000 - 0x00007ffa3ecf4000 	C:\Users\HP\.m2\wrapper\dists\apache-maven-3.9.12\59fe215c0ad6947fea90184bf7add084544567b927287592651fda3782e0e798\lib\jansi-native\Windows\x86_64\jansi.dll
0x00007ffa3ecc0000 - 0x00007ffa3ecd0000 	C:\Users\HP\Downloads\jdk-25_windows-x64_bin\jdk-25.0.2\bin\verify.dll

JVMTI agents: none

dbghelp: loaded successfully - version: 4.0.5 - missing functions: none
symbol engine: initialized successfully - sym options: 0x614 - pdb path: .;C:\Users\HP\Downloads\jdk-25_windows-x64_bin\jdk-25.0.2\bin;C:\WINDOWS\SYSTEM32;C:\WINDOWS\WinSxS\amd64_microsoft.windows.common-controls_6595b64144ccf1df_6.0.26100.8037_none_3e092faae333b53b;C:\Users\HP\Downloads\jdk-25_windows-x64_bin\jdk-25.0.2\bin\server;C:\Users\HP\.m2\wrapper\dists\apache-maven-3.9.12\59fe215c0ad6947fea90184bf7add084544567b927287592651fda3782e0e798\lib\jansi-native\Windows\x86_64

VM Arguments:
jvm_args: --enable-native-access=ALL-UNNAMED -Dclassworlds.conf=C:\Users\HP\.m2\wrapper\dists\apache-maven-3.9.12\59fe215c0ad6947fea90184bf7add084544567b927287592651fda3782e0e798\bin\m2.conf -Dmaven.home=C:\Users\HP\.m2\wrapper\dists\apache-maven-3.9.12\59fe215c0ad6947fea90184bf7add084544567b927287592651fda3782e0e798 -Dlibrary.jansi.path=C:\Users\HP\.m2\wrapper\dists\apache-maven-3.9.12\59fe215c0ad6947fea90184bf7add084544567b927287592651fda3782e0e798\lib\jansi-native -Dmaven.multiModuleProjectDirectory=C:\Users\HP\Downloads\Smart-Sure-Insurance\PolicyService 
java_command: org.codehaus.plexus.classworlds.launcher.Launcher clean verify sonar:sonar -DskipTests -Dsonar.projectKey=PolicyService -Dsonar.host.url=http://localhost:9000 -Dsonar.login=squ_ad36ede9897fa87472ad9bbc7e7a3845e66aa9a6
java_class_path (initial): C:\Users\HP\.m2\wrapper\dists\apache-maven-3.9.12\59fe215c0ad6947fea90184bf7add084544567b927287592651fda3782e0e798\boot\plexus-classworlds-2.9.0.jar
Launcher Type: SUN_STANDARD

[Global flags]
     intx CICompilerCount                          = 4                                         {product} {ergonomic}
     uint ConcGCThreads                            = 2                                         {product} {ergonomic}
     uint G1ConcRefinementThreads                  = 8                                         {product} {ergonomic}
   size_t G1HeapRegionSize                         = 1048576                                   {product} {ergonomic}
   size_t InitialHeapSize                          = 100663296                                 {product} {ergonomic}
   size_t MarkStackSize                            = 4194304                                   {product} {ergonomic}
   size_t MarkStackSizeMax                         = 536870912                                 {product} {ergonomic}
   size_t MaxHeapSize                              = 1587544064                                {product} {ergonomic}
   size_t MaxNewSize                               = 952107008                                 {product} {ergonomic}
   size_t MinHeapDeltaBytes                        = 1048576                                   {product} {ergonomic}
   size_t MinHeapSize                              = 8388608                                   {product} {ergonomic}
    uintx NonNMethodCodeHeapSize                   = 5832704                                {pd product} {ergonomic}
    uintx NonProfiledCodeHeapSize                  = 122945536                              {pd product} {ergonomic}
    uintx ProfiledCodeHeapSize                     = 122880000                              {pd product} {ergonomic}
    uintx ReservedCodeCacheSize                    = 251658240                              {pd product} {ergonomic}
     bool SegmentedCodeCache                       = true                                      {product} {ergonomic}
   size_t SoftMaxHeapSize                          = 1587544064                             {manageable} {ergonomic}
     bool UseCompressedOops                        = true                           {product lp64_product} {ergonomic}
     bool UseG1GC                                  = true                                      {product} {ergonomic}
     bool UseLargePagesIndividualAllocation        = false                                  {pd product} {ergonomic}

Logging:
Log output configuration:
 #0: stdout all=warning uptime,level,tags foldmultilines=false
 #1: stderr all=off uptime,level,tags foldmultilines=false

Release file:
IMPLEMENTOR="Oracle Corporation" 
JAVA_RUNTIME_VERSION="25.0.2+10-LTS-69" 
JAVA_VERSION="25.0.2" 
JAVA_VERSION_DATE="2026-01-20" 
LIBC="default" 
MODULES="java.base java.compiler java.datatransfer java.xml java.prefs java.desktop java.instrument java.logging java.management java.security.sasl java.naming java.rmi java.management.rmi java.net.http java.scripting java.security.jgss java.transaction.xa java.sql java.sql.rowset java.xml.crypto java.se java.smartcardio jdk.accessibility jdk.internal.jvmstat jdk.attach jdk.charsets jdk.internal.opt jdk.zipfs jdk.compiler jdk.crypto.cryptoki jdk.crypto.ec jdk.crypto.mscapi jdk.dynalink jdk.internal.ed jdk.editpad jdk.internal.vm.ci jdk.graal.compiler jdk.graal.compiler.management jdk.hotspot.agent jdk.httpserver jdk.incubator.vector jdk.internal.le jdk.internal.md jdk.jartool jdk.javadoc jdk.jcmd jdk.management jdk.management.agent jdk.jconsole jdk.jdeps jdk.jdwp.agent jdk.jdi jdk.jfr jdk.jlink jdk.jpackage jdk.jshell jdk.jsobject jdk.jstatd jdk.localedata jdk.management.jfr jdk.naming.dns jdk.naming.rmi jdk.net jdk.nio.mapmode jdk.sctp jdk.security.auth jdk.security.jgss jdk.unsupported jdk.unsupported.desktop jdk.xml.dom" 
OS_ARCH="x86_64" 
OS_NAME="Windows" 
SOURCE=".:git:b75efb40c93a open:git:405a5699ebd0" 

Environment Variables:
JAVA_HOME=C:\Users\HP\Downloads\jdk-25_windows-x64_bin\jdk-25.0.2
PATH=C:\WINDOWS\system32;C:\WINDOWS;C:\WINDOWS\System32\Wbem;C:\WINDOWS\System32\WindowsPowerShell\v1.0\;C:\WINDOWS\System32\OpenSSH\;C:\Users\HP\Downloads\jdk-25_windows-x64_bin\jdk-25.0.2\bin;C:\Program Files\Docker\Docker\resources\bin;C:\Program Files\Git\cmd;C:\Program Files\RabbitMQ Server\rabbitmq_server-4.2.5\sbin;C:\Users\HP\AppData\Local\nvm;C:\nvm4w\nodejs;C:\Users\HP\AppData\Local\Microsoft\WindowsApps;C:\Users\HP\AppData\Roaming\npm;C:\Users\HP\AppData\Local\nvm;C:\nvm4w\nodejs;C:\Users\HP\AppData\Local\Programs\Microsoft VS Code\bin;C:\Users\HP\AppData\Local\Programs\Antigravity\bin
USERNAME=HP
OS=Windows_NT
PROCESSOR_IDENTIFIER=AMD64 Family 23 Model 24 Stepping 1, AuthenticAMD
TMP=C:\Users\HP\AppData\Local\Temp
TEMP=C:\Users\HP\AppData\Local\Temp




Compilation memory statistics disabled.

Periodic native trim disabled

---------------  S Y S T E M  ---------------

OS:
 Windows 11 , 64 bit Build 26100 (10.0.26100.7920)
OS uptime: 0 days 1:06 hours
Hyper-V role detected

CPU: total 8 (initial active 8) (8 cores per cpu, 2 threads per core) family 23 model 24 stepping 1 microcode 0x8108109, cx8, cmov, fxsr, ht, mmx, 3dnowpref, sse, sse2, sse3, ssse3, sse4a, sse4.1, sse4.2, popcnt, lzcnt, tsc, tscinvbit, avx, avx2, aes, clmul, bmi1, bmi2, adx, sha, fma, vzeroupper, clflush, clflushopt, hv, rdtscp, f16c
Processor Information for the first 8 processors :
  Max Mhz: 2100, Current Mhz: 2100, Mhz Limit: 2100

Memory: 4k page, system-wide physical 6055M (580M free)
TotalPageFile size 24487M (AvailPageFile size 183M)
current process WorkingSet (physical memory assigned to process): 159M, peak: 170M
current process commit charge ("private bytes"): 224M, peak: 244M

vm_info: Java HotSpot(TM) 64-Bit Server VM (25.0.2+10-LTS-69) for windows-amd64 JRE (25.0.2+10-LTS-69), built on 2025-12-18T11:36:35Z with MS VC++ 17.13 (VS2022)

END.
