#
# There is insufficient memory for the Java Runtime Environment to continue.
# Native memory allocation (malloc) failed to allocate 1148816 bytes. Error detail: Chunk::new
# Possible reasons:
#   The system is out of physical RAM or swap space
#   This process is running with CompressedOops enabled, and the Java Heap may be blocking the growth of the native heap
# Possible solutions:
#   Reduce memory load on the system
#   Increase physical memory or swap space
#   Check if swap backing store is full
#   Decrease Java heap size (-Xmx/-Xms)
#   Decrease number of Java threads
#   Decrease Java thread stack sizes (-Xss)
#   Set larger code cache with -XX:ReservedCodeCacheSize=
#   JVM is running with Unscaled Compressed Oops mode in which the Java heap is
#     placed in the first 4GB address space. The Java Heap base address is the
#     maximum limit for the native heap growth. Please use -XX:HeapBaseMinAddress
#     to set the Java Heap base and to place the Java Heap above 4GB virtual address.
# This output file may be truncated or incomplete.
#
#  Out of Memory Error (arena.cpp:191), pid=9368, tid=20344
#
# JRE version: OpenJDK Runtime Environment Temurin-17.0.18+8 (17.0.18+8) (build 17.0.18+8)
# Java VM: OpenJDK 64-Bit Server VM Temurin-17.0.18+8 (17.0.18+8, mixed mode, sharing, tiered, compressed oops, compressed class ptrs, g1 gc, windows-amd64)
# No core dump will be written. Minidumps are not enabled by default on client versions of Windows
#

---------------  S U M M A R Y ------------

Command Line: -Dfile.encoding=IBM437 -javaagent:C:\\Users\\HP\\.m2\\repository\\org\\jacoco\\org.jacoco.agent\\0.8.11\\org.jacoco.agent-0.8.11-runtime.jar=destfile=C:\\Users\\HP\\Downloads\\Smart-Sure-Insurance\\adminService\\target\\jacoco.exec C:\Users\HP\AppData\Local\Temp\surefire9558586464087157071\surefirebooter-20260413150207910_3.jar C:\Users\HP\AppData\Local\Temp\surefire9558586464087157071 2026-04-13T15-02-02_231-jvmRun1 surefire-20260413150207910_1tmp surefire_0-20260413150207910_2tmp

Host: AMD Ryzen 5 3500U with Radeon Vega Mobile Gfx  , 8 cores, 5G,  Windows 11 , 64 bit Build 26100 (10.0.26100.7920)
Time: Mon Apr 13 15:03:03 2026 India Standard Time elapsed time: 54.594463 seconds (0d 0h 0m 54s)

---------------  T H R E A D  ---------------

Current thread (0x000001ef24062220):  JavaThread "C2 CompilerThread0" daemon [_thread_in_native, id=20344, stack(0x00000033e2800000,0x00000033e2900000)]


Current CompileTask:
C2:54595 9031   !   4       org.springframework.beans.factory.support.DefaultListableBeanFactory::doGetBeanNamesForType (1155 bytes)

Stack: [0x00000033e2800000,0x00000033e2900000]
Native frames: (J=compiled Java code, j=interpreted, Vv=VM code, C=native code)
V  [jvm.dll+0x6846f9]
V  [jvm.dll+0x839ea5]
V  [jvm.dll+0x83b91e]
V  [jvm.dll+0x83bfa3]
V  [jvm.dll+0x248eff]
V  [jvm.dll+0xad496]
V  [jvm.dll+0xadb3c]
V  [jvm.dll+0x368bcf]
V  [jvm.dll+0x1bc1ef]
V  [jvm.dll+0x219f10]
V  [jvm.dll+0x219200]
V  [jvm.dll+0x1a4920]
V  [jvm.dll+0x22989a]
V  [jvm.dll+0x227a4b]
V  [jvm.dll+0x7f0658]
V  [jvm.dll+0x7eaaec]
V  [jvm.dll+0x6835c7]
C  [ucrtbase.dll+0x37b0]
C  [KERNEL32.DLL+0x2e8d7]
C  [ntdll.dll+0x8c48c]


---------------  P R O C E S S  ---------------

Threads class SMR info:
_java_thread_list=0x000001ef6d2addf0, length=23, elements={
0x000001ef051e97b0, 0x000001ef2403ee30, 0x000001ef24041910, 0x000001ef2405b2d0,
0x000001ef2405dbb0, 0x000001ef2405e480, 0x000001ef2405ed50, 0x000001ef24062220,
0x000001ef24063400, 0x000001ef24066740, 0x000001ef24210750, 0x000001ef6a72e010,
0x000001ef2450fc70, 0x000001ef6ac40640, 0x000001ef6b9383d0, 0x000001ef6b938df0,
0x000001ef6b939300, 0x000001ef6b936570, 0x000001ef6b9388e0, 0x000001ef6b0e18f0,
0x000001ef6b0e09c0, 0x000001ef6b0deb60, 0x000001ef6bf01840
}

Java Threads: ( => current thread )
  0x000001ef051e97b0 JavaThread "main" [_thread_in_vm, id=1044, stack(0x00000033e1b00000,0x00000033e1c00000)]
  0x000001ef2403ee30 JavaThread "Reference Handler" daemon [_thread_blocked, id=22428, stack(0x00000033e2200000,0x00000033e2300000)]
  0x000001ef24041910 JavaThread "Finalizer" daemon [_thread_blocked, id=20120, stack(0x00000033e2300000,0x00000033e2400000)]
  0x000001ef2405b2d0 JavaThread "Signal Dispatcher" daemon [_thread_blocked, id=21928, stack(0x00000033e2400000,0x00000033e2500000)]
  0x000001ef2405dbb0 JavaThread "Attach Listener" daemon [_thread_blocked, id=22196, stack(0x00000033e2500000,0x00000033e2600000)]
  0x000001ef2405e480 JavaThread "Service Thread" daemon [_thread_blocked, id=5940, stack(0x00000033e2600000,0x00000033e2700000)]
  0x000001ef2405ed50 JavaThread "Monitor Deflation Thread" daemon [_thread_blocked, id=21452, stack(0x00000033e2700000,0x00000033e2800000)]
=>0x000001ef24062220 JavaThread "C2 CompilerThread0" daemon [_thread_in_native, id=20344, stack(0x00000033e2800000,0x00000033e2900000)]
  0x000001ef24063400 JavaThread "C1 CompilerThread0" daemon [_thread_blocked, id=19216, stack(0x00000033e2900000,0x00000033e2a00000)]
  0x000001ef24066740 JavaThread "Sweeper thread" daemon [_thread_blocked, id=12708, stack(0x00000033e2a00000,0x00000033e2b00000)]
  0x000001ef24210750 JavaThread "Common-Cleaner" daemon [_thread_blocked, id=20232, stack(0x00000033e2b00000,0x00000033e2c00000)]
  0x000001ef6a72e010 JavaThread "Notification Thread" daemon [_thread_blocked, id=19680, stack(0x00000033e2e00000,0x00000033e2f00000)]
  0x000001ef2450fc70 JavaThread "surefire-forkedjvm-stream-flusher" daemon [_thread_blocked, id=13452, stack(0x00000033e3300000,0x00000033e3400000)]
  0x000001ef6ac40640 JavaThread "surefire-forkedjvm-command-thread" daemon [_thread_in_native, id=21428, stack(0x00000033e3400000,0x00000033e3500000)]
  0x000001ef6b9383d0 JavaThread "HttpClient-1-SelectorManager" daemon [_thread_in_native, id=7296, stack(0x00000033e3b00000,0x00000033e3c00000)]
  0x000001ef6b938df0 JavaThread "loki4j-sender-0" daemon [_thread_blocked, id=15136, stack(0x00000033e3c00000,0x00000033e3d00000)]
  0x000001ef6b939300 JavaThread "loki4j-encoder-0" daemon [_thread_blocked, id=17212, stack(0x00000033e3d00000,0x00000033e3e00000)]
  0x000001ef6b936570 JavaThread "loki4j-scheduler-0" daemon [_thread_blocked, id=15700, stack(0x00000033e3e00000,0x00000033e3f00000)]
  0x000001ef6b9388e0 JavaThread "AsyncAppender-Worker-ASYNC_LOKI" daemon [_thread_blocked, id=21844, stack(0x00000033e3f00000,0x00000033e4000000)]
  0x000001ef6b0e18f0 JavaThread "mysql-cj-abandoned-connection-cleanup" daemon [_thread_blocked, id=6332, stack(0x00000033e4100000,0x00000033e4200000)]
  0x000001ef6b0e09c0 JavaThread "HikariPool-1:housekeeper" daemon [_thread_blocked, id=15052, stack(0x00000033e4300000,0x00000033e4400000)]
  0x000001ef6b0deb60 JavaThread "spring.cloud.inetutils" daemon [_thread_blocked, id=10560, stack(0x00000033e4400000,0x00000033e4500000)]
  0x000001ef6bf01840 JavaThread "C2 CompilerThread1" daemon [_thread_in_native, id=18540, stack(0x00000033e2d00000,0x00000033e2e00000)]

Other Threads:
  0x000001ef24039240 VMThread "VM Thread" [stack: 0x00000033e2100000,0x00000033e2200000] [id=21804]
  0x000001ef24af5aa0 WatcherThread [stack: 0x00000033e2f00000,0x00000033e3000000] [id=19740]
  0x000001ef052391c0 GCTaskThread "GC Thread#0" [stack: 0x00000033e1c00000,0x00000033e1d00000] [id=1688]
  0x000001ef6a571440 GCTaskThread "GC Thread#1" [stack: 0x00000033e3000000,0x00000033e3100000] [id=19188]
  0x000001ef24dd0a90 GCTaskThread "GC Thread#2" [stack: 0x00000033e3100000,0x00000033e3200000] [id=9100]
  0x000001ef6a61c1b0 GCTaskThread "GC Thread#3" [stack: 0x00000033e3200000,0x00000033e3300000] [id=10028]
  0x000001ef6a5e1f10 GCTaskThread "GC Thread#4" [stack: 0x00000033e3500000,0x00000033e3600000] [id=18716]
  0x000001ef6a5e0bd0 GCTaskThread "GC Thread#5" [stack: 0x00000033e3600000,0x00000033e3700000] [id=6776]
  0x000001ef6a5e0e90 GCTaskThread "GC Thread#6" [stack: 0x00000033e3700000,0x00000033e3800000] [id=7772]
  0x000001ef6a5e0390 GCTaskThread "GC Thread#7" [stack: 0x00000033e3800000,0x00000033e3900000] [id=8968]
  0x000001ef05245d60 ConcurrentGCThread "G1 Main Marker" [stack: 0x00000033e1d00000,0x00000033e1e00000] [id=19684]
  0x000001ef05246690 ConcurrentGCThread "G1 Conc#0" [stack: 0x00000033e1e00000,0x00000033e1f00000] [id=22436]
  0x000001ef6a5e0650 ConcurrentGCThread "G1 Conc#1" [stack: 0x00000033e3a00000,0x00000033e3b00000] [id=20664]
  0x000001ef0529c230 ConcurrentGCThread "G1 Refine#0" [stack: 0x00000033e1f00000,0x00000033e2000000] [id=21532]
  0x000001ef0529cb70 ConcurrentGCThread "G1 Service" [stack: 0x00000033e2000000,0x00000033e2100000] [id=8224]

Threads with active compile tasks:
C2 CompilerThread0  54680 9031   !   4       org.springframework.beans.factory.support.DefaultListableBeanFactory::doGetBeanNamesForType (1155 bytes)
C2 CompilerThread1  54680 9028   !   4       java.lang.reflect.Field::declaredAnnotations (82 bytes)

VM state: not at safepoint (normal execution)

VM Mutex/Monitor currently owned by a thread: None

Heap address: 0x00000000a1600000, size: 1514 MB, Compressed Oops mode: 32-bit

CDS archive(s) mapped at: [0x000001ef25000000-0x000001ef25bb0000-0x000001ef25bb0000), size 12255232, SharedBaseAddress: 0x000001ef25000000, ArchiveRelocationMode: 1.
Compressed class space mapped at: 0x000001ef26000000-0x000001ef66000000, reserved size: 1073741824
Narrow klass base: 0x000001ef25000000, Narrow klass shift: 0, Narrow klass range: 0x100000000

GC Precious Log:
 CPUs: 8 total, 8 available
 Memory: 6055M
 Large Page Support: Disabled
 NUMA Support: Disabled
 Compressed Oops: Enabled (32-bit)
 Heap Region Size: 1M
 Heap Min Capacity: 8M
 Heap Initial Capacity: 96M
 Heap Max Capacity: 1514M
 Pre-touch: Disabled
 Parallel Workers: 8
 Concurrent Workers: 2
 Concurrent Refinement Workers: 8
 Periodic GC: Disabled

Heap:
 garbage-first heap   total 172032K, used 62326K [0x00000000a1600000, 0x0000000100000000)
  region size 1024K, 6 young (6144K), 5 survivors (5120K)
 Metaspace       used 98850K, committed 99456K, reserved 1179648K
  class space    used 12359K, committed 12672K, reserved 1048576K

Heap Regions: E=young(eden), S=young(survivor), O=old, HS=humongous(starts), HC=humongous(continues), CS=collection set, F=free, OA=open archive, CA=closed archive, TAMS=top-at-mark-start (previous, next)
|   0|0x00000000a1600000, 0x00000000a1700000, 0x00000000a1700000|100%|HS|  |TAMS 0x00000000a1700000, 0x00000000a1600000| Complete 
|   1|0x00000000a1700000, 0x00000000a1800000, 0x00000000a1800000|100%|HS|  |TAMS 0x00000000a1800000, 0x00000000a1700000| Complete 
|   2|0x00000000a1800000, 0x00000000a1900000, 0x00000000a1900000|100%|HS|  |TAMS 0x00000000a1900000, 0x00000000a1800000| Complete 
|   3|0x00000000a1900000, 0x00000000a1a00000, 0x00000000a1a00000|100%| O|  |TAMS 0x00000000a1a00000, 0x00000000a1900000| Untracked 
|   4|0x00000000a1a00000, 0x00000000a1b00000, 0x00000000a1b00000|100%| O|  |TAMS 0x00000000a1b00000, 0x00000000a1a00000| Untracked 
|   5|0x00000000a1b00000, 0x00000000a1c00000, 0x00000000a1c00000|100%| O|  |TAMS 0x00000000a1c00000, 0x00000000a1b00000| Untracked 
|   6|0x00000000a1c00000, 0x00000000a1d00000, 0x00000000a1d00000|100%| O|  |TAMS 0x00000000a1d00000, 0x00000000a1c00000| Untracked 
|   7|0x00000000a1d00000, 0x00000000a1e00000, 0x00000000a1e00000|100%| O|  |TAMS 0x00000000a1e00000, 0x00000000a1d00000| Untracked 
|   8|0x00000000a1e00000, 0x00000000a1f00000, 0x00000000a1f00000|100%| O|  |TAMS 0x00000000a1f00000, 0x00000000a1e00000| Untracked 
|   9|0x00000000a1f00000, 0x00000000a2000000, 0x00000000a2000000|100%| O|  |TAMS 0x00000000a2000000, 0x00000000a1f00000| Untracked 
|  10|0x00000000a2000000, 0x00000000a2100000, 0x00000000a2100000|100%| O|  |TAMS 0x00000000a2100000, 0x00000000a2000000| Untracked 
|  11|0x00000000a2100000, 0x00000000a2200000, 0x00000000a2200000|100%| O|  |TAMS 0x00000000a2200000, 0x00000000a2100000| Untracked 
|  12|0x00000000a2200000, 0x00000000a2300000, 0x00000000a2300000|100%| O|  |TAMS 0x00000000a2300000, 0x00000000a2200000| Untracked 
|  13|0x00000000a2300000, 0x00000000a2400000, 0x00000000a2400000|100%| O|  |TAMS 0x00000000a2400000, 0x00000000a2300000| Untracked 
|  14|0x00000000a2400000, 0x00000000a2500000, 0x00000000a2500000|100%| O|  |TAMS 0x00000000a2500000, 0x00000000a2400000| Untracked 
|  15|0x00000000a2500000, 0x00000000a2600000, 0x00000000a2600000|100%| O|  |TAMS 0x00000000a2600000, 0x00000000a2500000| Untracked 
|  16|0x00000000a2600000, 0x00000000a2700000, 0x00000000a2700000|100%| O|  |TAMS 0x00000000a2700000, 0x00000000a2600000| Untracked 
|  17|0x00000000a2700000, 0x00000000a2800000, 0x00000000a2800000|100%| O|  |TAMS 0x00000000a2800000, 0x00000000a2700000| Untracked 
|  18|0x00000000a2800000, 0x00000000a2900000, 0x00000000a2900000|100%| O|  |TAMS 0x00000000a2900000, 0x00000000a2800000| Untracked 
|  19|0x00000000a2900000, 0x00000000a2a00000, 0x00000000a2a00000|100%| O|  |TAMS 0x00000000a2a00000, 0x00000000a2900000| Untracked 
|  20|0x00000000a2a00000, 0x00000000a2a97200, 0x00000000a2b00000| 59%| O|  |TAMS 0x00000000a2a97200, 0x00000000a2a00000| Untracked 
|  21|0x00000000a2b00000, 0x00000000a2c00000, 0x00000000a2c00000|100%|HS|  |TAMS 0x00000000a2c00000, 0x00000000a2b00000| Complete 
|  22|0x00000000a2c00000, 0x00000000a2d00000, 0x00000000a2d00000|100%|HC|  |TAMS 0x00000000a2d00000, 0x00000000a2c00000| Complete 
|  23|0x00000000a2d00000, 0x00000000a2e00000, 0x00000000a2e00000|100%|HC|  |TAMS 0x00000000a2e00000, 0x00000000a2d00000| Complete 
|  24|0x00000000a2e00000, 0x00000000a2f00000, 0x00000000a2f00000|100%|HC|  |TAMS 0x00000000a2f00000, 0x00000000a2e00000| Complete 
|  25|0x00000000a2f00000, 0x00000000a3000000, 0x00000000a3000000|100%|HC|  |TAMS 0x00000000a3000000, 0x00000000a2f00000| Complete 
|  26|0x00000000a3000000, 0x00000000a3100000, 0x00000000a3100000|100%| O|  |TAMS 0x00000000a3100000, 0x00000000a3000000| Untracked 
|  27|0x00000000a3100000, 0x00000000a3200000, 0x00000000a3200000|100%| O|  |TAMS 0x00000000a3200000, 0x00000000a3100000| Untracked 
|  28|0x00000000a3200000, 0x00000000a3300000, 0x00000000a3300000|100%| O|  |TAMS 0x00000000a3300000, 0x00000000a3200000| Untracked 
|  29|0x00000000a3300000, 0x00000000a3400000, 0x00000000a3400000|100%| O|  |TAMS 0x00000000a3400000, 0x00000000a3300000| Untracked 
|  30|0x00000000a3400000, 0x00000000a3500000, 0x00000000a3500000|100%| O|  |TAMS 0x00000000a3500000, 0x00000000a3400000| Untracked 
|  31|0x00000000a3500000, 0x00000000a3600000, 0x00000000a3600000|100%| O|  |TAMS 0x00000000a3600000, 0x00000000a3500000| Untracked 
|  32|0x00000000a3600000, 0x00000000a3700000, 0x00000000a3700000|100%| O|  |TAMS 0x00000000a3700000, 0x00000000a3600000| Untracked 
|  33|0x00000000a3700000, 0x00000000a3800000, 0x00000000a3800000|100%| O|  |TAMS 0x00000000a3800000, 0x00000000a3700000| Untracked 
|  34|0x00000000a3800000, 0x00000000a3900000, 0x00000000a3900000|100%| O|  |TAMS 0x00000000a3900000, 0x00000000a3800000| Untracked 
|  35|0x00000000a3900000, 0x00000000a3a00000, 0x00000000a3a00000|100%| O|  |TAMS 0x00000000a3a00000, 0x00000000a3900000| Untracked 
|  36|0x00000000a3a00000, 0x00000000a3b00000, 0x00000000a3b00000|100%| O|  |TAMS 0x00000000a3b00000, 0x00000000a3a00000| Untracked 
|  37|0x00000000a3b00000, 0x00000000a3c00000, 0x00000000a3c00000|100%| O|  |TAMS 0x00000000a3c00000, 0x00000000a3b00000| Untracked 
|  38|0x00000000a3c00000, 0x00000000a3d00000, 0x00000000a3d00000|100%| O|  |TAMS 0x00000000a3d00000, 0x00000000a3c00000| Untracked 
|  39|0x00000000a3d00000, 0x00000000a3e00000, 0x00000000a3e00000|100%| O|  |TAMS 0x00000000a3e00000, 0x00000000a3d00000| Untracked 
|  40|0x00000000a3e00000, 0x00000000a3f00000, 0x00000000a3f00000|100%| O|  |TAMS 0x00000000a3f00000, 0x00000000a3e00000| Untracked 
|  41|0x00000000a3f00000, 0x00000000a4000000, 0x00000000a4000000|100%| O|  |TAMS 0x00000000a4000000, 0x00000000a3f00000| Untracked 
|  42|0x00000000a4000000, 0x00000000a4100000, 0x00000000a4100000|100%| O|  |TAMS 0x00000000a402a000, 0x00000000a4000000| Untracked 
|  43|0x00000000a4100000, 0x00000000a4200000, 0x00000000a4200000|100%| O|  |TAMS 0x00000000a4100000, 0x00000000a4100000| Untracked 
|  44|0x00000000a4200000, 0x00000000a4300000, 0x00000000a4300000|100%| O|  |TAMS 0x00000000a4200000, 0x00000000a4200000| Untracked 
|  45|0x00000000a4300000, 0x00000000a4400000, 0x00000000a4400000|100%| O|  |TAMS 0x00000000a4300000, 0x00000000a4300000| Untracked 
|  46|0x00000000a4400000, 0x00000000a4500000, 0x00000000a4500000|100%| O|  |TAMS 0x00000000a4400000, 0x00000000a4400000| Untracked 
|  47|0x00000000a4500000, 0x00000000a4600000, 0x00000000a4600000|100%| O|  |TAMS 0x00000000a4500000, 0x00000000a4500000| Untracked 
|  48|0x00000000a4600000, 0x00000000a4700000, 0x00000000a4700000|100%| O|  |TAMS 0x00000000a4600000, 0x00000000a4600000| Untracked 
|  49|0x00000000a4700000, 0x00000000a4800000, 0x00000000a4800000|100%| O|  |TAMS 0x00000000a4700000, 0x00000000a4700000| Untracked 
|  50|0x00000000a4800000, 0x00000000a4900000, 0x00000000a4900000|100%| O|  |TAMS 0x00000000a4800000, 0x00000000a4800000| Untracked 
|  51|0x00000000a4900000, 0x00000000a4a00000, 0x00000000a4a00000|100%| O|  |TAMS 0x00000000a4900000, 0x00000000a4900000| Untracked 
|  52|0x00000000a4a00000, 0x00000000a4b00000, 0x00000000a4b00000|100%| O|  |TAMS 0x00000000a4a00000, 0x00000000a4a00000| Untracked 
|  53|0x00000000a4b00000, 0x00000000a4c00000, 0x00000000a4c00000|100%| O|  |TAMS 0x00000000a4b00000, 0x00000000a4b00000| Untracked 
|  54|0x00000000a4c00000, 0x00000000a4d00000, 0x00000000a4d00000|100%| O|  |TAMS 0x00000000a4c00000, 0x00000000a4c00000| Untracked 
|  55|0x00000000a4d00000, 0x00000000a4e00000, 0x00000000a4e00000|100%| O|  |TAMS 0x00000000a4d00000, 0x00000000a4d00000| Untracked 
|  56|0x00000000a4e00000, 0x00000000a4e90200, 0x00000000a4f00000| 56%| O|  |TAMS 0x00000000a4e00000, 0x00000000a4e00000| Untracked 
|  57|0x00000000a4f00000, 0x00000000a4f00000, 0x00000000a5000000|  0%| F|  |TAMS 0x00000000a4f00000, 0x00000000a4f00000| Untracked 
|  58|0x00000000a5000000, 0x00000000a5000000, 0x00000000a5100000|  0%| F|  |TAMS 0x00000000a5000000, 0x00000000a5000000| Untracked 
|  59|0x00000000a5100000, 0x00000000a5100000, 0x00000000a5200000|  0%| F|  |TAMS 0x00000000a5100000, 0x00000000a5100000| Untracked 
|  60|0x00000000a5200000, 0x00000000a5200000, 0x00000000a5300000|  0%| F|  |TAMS 0x00000000a5200000, 0x00000000a5200000| Untracked 
|  61|0x00000000a5300000, 0x00000000a5300000, 0x00000000a5400000|  0%| F|  |TAMS 0x00000000a5300000, 0x00000000a5300000| Untracked 
|  62|0x00000000a5400000, 0x00000000a5400000, 0x00000000a5500000|  0%| F|  |TAMS 0x00000000a5400000, 0x00000000a5400000| Untracked 
|  63|0x00000000a5500000, 0x00000000a5500000, 0x00000000a5600000|  0%| F|  |TAMS 0x00000000a5500000, 0x00000000a5500000| Untracked 
|  64|0x00000000a5600000, 0x00000000a5600000, 0x00000000a5700000|  0%| F|  |TAMS 0x00000000a5600000, 0x00000000a5600000| Untracked 
|  65|0x00000000a5700000, 0x00000000a5700000, 0x00000000a5800000|  0%| F|  |TAMS 0x00000000a5700000, 0x00000000a5700000| Untracked 
|  66|0x00000000a5800000, 0x00000000a5800000, 0x00000000a5900000|  0%| F|  |TAMS 0x00000000a5800000, 0x00000000a5800000| Untracked 
|  67|0x00000000a5900000, 0x00000000a5900000, 0x00000000a5a00000|  0%| F|  |TAMS 0x00000000a5900000, 0x00000000a5900000| Untracked 
|  68|0x00000000a5a00000, 0x00000000a5a00000, 0x00000000a5b00000|  0%| F|  |TAMS 0x00000000a5a00000, 0x00000000a5a00000| Untracked 
|  69|0x00000000a5b00000, 0x00000000a5b00000, 0x00000000a5c00000|  0%| F|  |TAMS 0x00000000a5b00000, 0x00000000a5b00000| Untracked 
|  70|0x00000000a5c00000, 0x00000000a5c00000, 0x00000000a5d00000|  0%| F|  |TAMS 0x00000000a5c00000, 0x00000000a5c00000| Untracked 
|  71|0x00000000a5d00000, 0x00000000a5d00000, 0x00000000a5e00000|  0%| F|  |TAMS 0x00000000a5d00000, 0x00000000a5d00000| Untracked 
|  72|0x00000000a5e00000, 0x00000000a5e00000, 0x00000000a5f00000|  0%| F|  |TAMS 0x00000000a5e00000, 0x00000000a5e00000| Untracked 
|  73|0x00000000a5f00000, 0x00000000a5f00000, 0x00000000a6000000|  0%| F|  |TAMS 0x00000000a5f00000, 0x00000000a5f00000| Untracked 
|  74|0x00000000a6000000, 0x00000000a6000000, 0x00000000a6100000|  0%| F|  |TAMS 0x00000000a6000000, 0x00000000a6000000| Untracked 
|  75|0x00000000a6100000, 0x00000000a6100000, 0x00000000a6200000|  0%| F|  |TAMS 0x00000000a6100000, 0x00000000a6100000| Untracked 
|  76|0x00000000a6200000, 0x00000000a6200000, 0x00000000a6300000|  0%| F|  |TAMS 0x00000000a6200000, 0x00000000a6200000| Untracked 
|  77|0x00000000a6300000, 0x00000000a6300000, 0x00000000a6400000|  0%| F|  |TAMS 0x00000000a6300000, 0x00000000a6300000| Untracked 
|  78|0x00000000a6400000, 0x00000000a6400000, 0x00000000a6500000|  0%| F|  |TAMS 0x00000000a6400000, 0x00000000a6400000| Untracked 
|  79|0x00000000a6500000, 0x00000000a6500000, 0x00000000a6600000|  0%| F|  |TAMS 0x00000000a6500000, 0x00000000a6500000| Untracked 
|  80|0x00000000a6600000, 0x00000000a6600000, 0x00000000a6700000|  0%| F|  |TAMS 0x00000000a6600000, 0x00000000a6600000| Untracked 
|  81|0x00000000a6700000, 0x00000000a6700000, 0x00000000a6800000|  0%| F|  |TAMS 0x00000000a6700000, 0x00000000a6700000| Untracked 
|  82|0x00000000a6800000, 0x00000000a6800000, 0x00000000a6900000|  0%| F|  |TAMS 0x00000000a6800000, 0x00000000a6800000| Untracked 
|  83|0x00000000a6900000, 0x00000000a69b6610, 0x00000000a6a00000| 71%| S|CS|TAMS 0x00000000a6900000, 0x00000000a6900000| Complete 
|  84|0x00000000a6a00000, 0x00000000a6b00000, 0x00000000a6b00000|100%| S|CS|TAMS 0x00000000a6a00000, 0x00000000a6a00000| Complete 
|  85|0x00000000a6b00000, 0x00000000a6c00000, 0x00000000a6c00000|100%| S|CS|TAMS 0x00000000a6b00000, 0x00000000a6b00000| Complete 
|  86|0x00000000a6c00000, 0x00000000a6d00000, 0x00000000a6d00000|100%| S|CS|TAMS 0x00000000a6c00000, 0x00000000a6c00000| Complete 
|  87|0x00000000a6d00000, 0x00000000a6e00000, 0x00000000a6e00000|100%| S|CS|TAMS 0x00000000a6d00000, 0x00000000a6d00000| Complete 
|  88|0x00000000a6e00000, 0x00000000a6e00000, 0x00000000a6f00000|  0%| F|  |TAMS 0x00000000a6e00000, 0x00000000a6e00000| Untracked 
|  89|0x00000000a6f00000, 0x00000000a6f00000, 0x00000000a7000000|  0%| F|  |TAMS 0x00000000a6f00000, 0x00000000a6f00000| Untracked 
|  90|0x00000000a7000000, 0x00000000a7000000, 0x00000000a7100000|  0%| F|  |TAMS 0x00000000a7000000, 0x00000000a7000000| Untracked 
|  91|0x00000000a7100000, 0x00000000a7100000, 0x00000000a7200000|  0%| F|  |TAMS 0x00000000a7100000, 0x00000000a7100000| Untracked 
|  92|0x00000000a7200000, 0x00000000a7200000, 0x00000000a7300000|  0%| F|  |TAMS 0x00000000a7200000, 0x00000000a7200000| Untracked 
|  93|0x00000000a7300000, 0x00000000a7300000, 0x00000000a7400000|  0%| F|  |TAMS 0x00000000a7300000, 0x00000000a7300000| Untracked 
|  94|0x00000000a7400000, 0x00000000a7400000, 0x00000000a7500000|  0%| F|  |TAMS 0x00000000a7400000, 0x00000000a7400000| Untracked 
|  95|0x00000000a7500000, 0x00000000a7500000, 0x00000000a7600000|  0%| F|  |TAMS 0x00000000a7500000, 0x00000000a7500000| Untracked 
|  96|0x00000000a7600000, 0x00000000a7600000, 0x00000000a7700000|  0%| F|  |TAMS 0x00000000a7600000, 0x00000000a7600000| Untracked 
|  97|0x00000000a7700000, 0x00000000a7700000, 0x00000000a7800000|  0%| F|  |TAMS 0x00000000a7700000, 0x00000000a7700000| Untracked 
|  98|0x00000000a7800000, 0x00000000a7800000, 0x00000000a7900000|  0%| F|  |TAMS 0x00000000a7800000, 0x00000000a7800000| Untracked 
|  99|0x00000000a7900000, 0x00000000a7900000, 0x00000000a7a00000|  0%| F|  |TAMS 0x00000000a7900000, 0x00000000a7900000| Untracked 
| 100|0x00000000a7a00000, 0x00000000a7a00000, 0x00000000a7b00000|  0%| F|  |TAMS 0x00000000a7a00000, 0x00000000a7a00000| Untracked 
| 101|0x00000000a7b00000, 0x00000000a7b00000, 0x00000000a7c00000|  0%| F|  |TAMS 0x00000000a7b00000, 0x00000000a7b00000| Untracked 
| 102|0x00000000a7c00000, 0x00000000a7c00000, 0x00000000a7d00000|  0%| F|  |TAMS 0x00000000a7c00000, 0x00000000a7c00000| Untracked 
| 103|0x00000000a7d00000, 0x00000000a7d00000, 0x00000000a7e00000|  0%| F|  |TAMS 0x00000000a7d00000, 0x00000000a7d00000| Untracked 
| 104|0x00000000a7e00000, 0x00000000a7e00000, 0x00000000a7f00000|  0%| F|  |TAMS 0x00000000a7e00000, 0x00000000a7e00000| Untracked 
| 105|0x00000000a7f00000, 0x00000000a7f00000, 0x00000000a8000000|  0%| F|  |TAMS 0x00000000a7f00000, 0x00000000a7f00000| Untracked 
| 106|0x00000000a8000000, 0x00000000a8000000, 0x00000000a8100000|  0%| F|  |TAMS 0x00000000a8000000, 0x00000000a8000000| Untracked 
| 107|0x00000000a8100000, 0x00000000a8100000, 0x00000000a8200000|  0%| F|  |TAMS 0x00000000a8100000, 0x00000000a8100000| Untracked 
| 108|0x00000000a8200000, 0x00000000a8200000, 0x00000000a8300000|  0%| F|  |TAMS 0x00000000a8200000, 0x00000000a8200000| Untracked 
| 109|0x00000000a8300000, 0x00000000a8300000, 0x00000000a8400000|  0%| F|  |TAMS 0x00000000a8300000, 0x00000000a8300000| Untracked 
| 110|0x00000000a8400000, 0x00000000a8400000, 0x00000000a8500000|  0%| F|  |TAMS 0x00000000a8400000, 0x00000000a8400000| Untracked 
| 111|0x00000000a8500000, 0x00000000a8500000, 0x00000000a8600000|  0%| F|  |TAMS 0x00000000a8500000, 0x00000000a8500000| Untracked 
| 112|0x00000000a8600000, 0x00000000a8600000, 0x00000000a8700000|  0%| F|  |TAMS 0x00000000a8600000, 0x00000000a8600000| Untracked 
| 113|0x00000000a8700000, 0x00000000a8700000, 0x00000000a8800000|  0%| F|  |TAMS 0x00000000a8700000, 0x00000000a8700000| Untracked 
| 114|0x00000000a8800000, 0x00000000a8800000, 0x00000000a8900000|  0%| F|  |TAMS 0x00000000a8800000, 0x00000000a8800000| Untracked 
| 115|0x00000000a8900000, 0x00000000a8900000, 0x00000000a8a00000|  0%| F|  |TAMS 0x00000000a8900000, 0x00000000a8900000| Untracked 
| 116|0x00000000a8a00000, 0x00000000a8a00000, 0x00000000a8b00000|  0%| F|  |TAMS 0x00000000a8a00000, 0x00000000a8a00000| Untracked 
| 117|0x00000000a8b00000, 0x00000000a8b00000, 0x00000000a8c00000|  0%| F|  |TAMS 0x00000000a8b00000, 0x00000000a8b00000| Untracked 
| 118|0x00000000a8c00000, 0x00000000a8c00000, 0x00000000a8d00000|  0%| F|  |TAMS 0x00000000a8c00000, 0x00000000a8c00000| Untracked 
| 119|0x00000000a8d00000, 0x00000000a8d00000, 0x00000000a8e00000|  0%| F|  |TAMS 0x00000000a8d00000, 0x00000000a8d00000| Untracked 
| 120|0x00000000a8e00000, 0x00000000a8e00000, 0x00000000a8f00000|  0%| F|  |TAMS 0x00000000a8e00000, 0x00000000a8e00000| Untracked 
| 121|0x00000000a8f00000, 0x00000000a8f00000, 0x00000000a9000000|  0%| F|  |TAMS 0x00000000a8f00000, 0x00000000a8f00000| Untracked 
| 122|0x00000000a9000000, 0x00000000a9000000, 0x00000000a9100000|  0%| F|  |TAMS 0x00000000a9000000, 0x00000000a9000000| Untracked 
| 123|0x00000000a9100000, 0x00000000a9100000, 0x00000000a9200000|  0%| F|  |TAMS 0x00000000a9100000, 0x00000000a9100000| Untracked 
| 124|0x00000000a9200000, 0x00000000a9200000, 0x00000000a9300000|  0%| F|  |TAMS 0x00000000a9200000, 0x00000000a9200000| Untracked 
| 125|0x00000000a9300000, 0x00000000a9300000, 0x00000000a9400000|  0%| F|  |TAMS 0x00000000a9300000, 0x00000000a9300000| Untracked 
| 126|0x00000000a9400000, 0x00000000a9400000, 0x00000000a9500000|  0%| F|  |TAMS 0x00000000a9400000, 0x00000000a9400000| Untracked 
| 127|0x00000000a9500000, 0x00000000a9500000, 0x00000000a9600000|  0%| F|  |TAMS 0x00000000a9500000, 0x00000000a9500000| Untracked 
| 128|0x00000000a9600000, 0x00000000a9600000, 0x00000000a9700000|  0%| F|  |TAMS 0x00000000a9600000, 0x00000000a9600000| Untracked 
| 129|0x00000000a9700000, 0x00000000a9700000, 0x00000000a9800000|  0%| F|  |TAMS 0x00000000a9700000, 0x00000000a9700000| Untracked 
| 130|0x00000000a9800000, 0x00000000a9800000, 0x00000000a9900000|  0%| F|  |TAMS 0x00000000a9800000, 0x00000000a9800000| Untracked 
| 131|0x00000000a9900000, 0x00000000a9900000, 0x00000000a9a00000|  0%| F|  |TAMS 0x00000000a9900000, 0x00000000a9900000| Untracked 
| 132|0x00000000a9a00000, 0x00000000a9a00000, 0x00000000a9b00000|  0%| F|  |TAMS 0x00000000a9a00000, 0x00000000a9a00000| Untracked 
| 133|0x00000000a9b00000, 0x00000000a9b00000, 0x00000000a9c00000|  0%| F|  |TAMS 0x00000000a9b00000, 0x00000000a9b00000| Untracked 
| 134|0x00000000a9c00000, 0x00000000a9c00000, 0x00000000a9d00000|  0%| F|  |TAMS 0x00000000a9c00000, 0x00000000a9c00000| Untracked 
| 135|0x00000000a9d00000, 0x00000000a9d00000, 0x00000000a9e00000|  0%| F|  |TAMS 0x00000000a9d00000, 0x00000000a9d00000| Untracked 
| 136|0x00000000a9e00000, 0x00000000a9e00000, 0x00000000a9f00000|  0%| F|  |TAMS 0x00000000a9e00000, 0x00000000a9e00000| Untracked 
| 137|0x00000000a9f00000, 0x00000000a9f00000, 0x00000000aa000000|  0%| F|  |TAMS 0x00000000a9f00000, 0x00000000a9f00000| Untracked 
| 138|0x00000000aa000000, 0x00000000aa000000, 0x00000000aa100000|  0%| F|  |TAMS 0x00000000aa000000, 0x00000000aa000000| Untracked 
| 139|0x00000000aa100000, 0x00000000aa100000, 0x00000000aa200000|  0%| F|  |TAMS 0x00000000aa100000, 0x00000000aa100000| Untracked 
| 140|0x00000000aa200000, 0x00000000aa200000, 0x00000000aa300000|  0%| F|  |TAMS 0x00000000aa200000, 0x00000000aa200000| Untracked 
| 141|0x00000000aa300000, 0x00000000aa300000, 0x00000000aa400000|  0%| F|  |TAMS 0x00000000aa300000, 0x00000000aa300000| Untracked 
| 142|0x00000000aa400000, 0x00000000aa400000, 0x00000000aa500000|  0%| F|  |TAMS 0x00000000aa400000, 0x00000000aa400000| Untracked 
| 143|0x00000000aa500000, 0x00000000aa500000, 0x00000000aa600000|  0%| F|  |TAMS 0x00000000aa500000, 0x00000000aa500000| Untracked 
| 144|0x00000000aa600000, 0x00000000aa600000, 0x00000000aa700000|  0%| F|  |TAMS 0x00000000aa600000, 0x00000000aa600000| Untracked 
| 145|0x00000000aa700000, 0x00000000aa700000, 0x00000000aa800000|  0%| F|  |TAMS 0x00000000aa700000, 0x00000000aa700000| Untracked 
| 146|0x00000000aa800000, 0x00000000aa800000, 0x00000000aa900000|  0%| F|  |TAMS 0x00000000aa800000, 0x00000000aa800000| Untracked 
| 147|0x00000000aa900000, 0x00000000aa900000, 0x00000000aaa00000|  0%| F|  |TAMS 0x00000000aa900000, 0x00000000aa900000| Untracked 
| 148|0x00000000aaa00000, 0x00000000aaa00000, 0x00000000aab00000|  0%| F|  |TAMS 0x00000000aaa00000, 0x00000000aaa00000| Untracked 
| 149|0x00000000aab00000, 0x00000000aab00000, 0x00000000aac00000|  0%| F|  |TAMS 0x00000000aab00000, 0x00000000aab00000| Untracked 
| 150|0x00000000aac00000, 0x00000000aac00000, 0x00000000aad00000|  0%| F|  |TAMS 0x00000000aac00000, 0x00000000aac00000| Untracked 
| 151|0x00000000aad00000, 0x00000000aad00000, 0x00000000aae00000|  0%| F|  |TAMS 0x00000000aad00000, 0x00000000aad00000| Untracked 
| 152|0x00000000aae00000, 0x00000000aae00000, 0x00000000aaf00000|  0%| F|  |TAMS 0x00000000aae00000, 0x00000000aae00000| Untracked 
| 153|0x00000000aaf00000, 0x00000000aaf00000, 0x00000000ab000000|  0%| F|  |TAMS 0x00000000aaf00000, 0x00000000aaf00000| Untracked 
| 154|0x00000000ab000000, 0x00000000ab000000, 0x00000000ab100000|  0%| F|  |TAMS 0x00000000ab000000, 0x00000000ab000000| Untracked 
| 155|0x00000000ab100000, 0x00000000ab100000, 0x00000000ab200000|  0%| F|  |TAMS 0x00000000ab100000, 0x00000000ab100000| Untracked 
| 156|0x00000000ab200000, 0x00000000ab200000, 0x00000000ab300000|  0%| F|  |TAMS 0x00000000ab200000, 0x00000000ab200000| Untracked 
| 157|0x00000000ab300000, 0x00000000ab300000, 0x00000000ab400000|  0%| F|  |TAMS 0x00000000ab300000, 0x00000000ab300000| Untracked 
| 158|0x00000000ab400000, 0x00000000ab400000, 0x00000000ab500000|  0%| F|  |TAMS 0x00000000ab400000, 0x00000000ab400000| Untracked 
| 159|0x00000000ab500000, 0x00000000ab500000, 0x00000000ab600000|  0%| F|  |TAMS 0x00000000ab500000, 0x00000000ab500000| Untracked 
| 160|0x00000000ab600000, 0x00000000ab600000, 0x00000000ab700000|  0%| F|  |TAMS 0x00000000ab600000, 0x00000000ab600000| Untracked 
| 161|0x00000000ab700000, 0x00000000ab700000, 0x00000000ab800000|  0%| F|  |TAMS 0x00000000ab700000, 0x00000000ab700000| Untracked 
| 162|0x00000000ab800000, 0x00000000ab800000, 0x00000000ab900000|  0%| F|  |TAMS 0x00000000ab800000, 0x00000000ab800000| Untracked 
| 163|0x00000000ab900000, 0x00000000ab900000, 0x00000000aba00000|  0%| F|  |TAMS 0x00000000ab900000, 0x00000000ab900000| Untracked 
| 164|0x00000000aba00000, 0x00000000aba00000, 0x00000000abb00000|  0%| F|  |TAMS 0x00000000aba00000, 0x00000000aba00000| Untracked 
| 165|0x00000000abb00000, 0x00000000abb00000, 0x00000000abc00000|  0%| F|  |TAMS 0x00000000abb00000, 0x00000000abb00000| Untracked 
| 166|0x00000000abc00000, 0x00000000abc00000, 0x00000000abd00000|  0%| F|  |TAMS 0x00000000abc00000, 0x00000000abc00000| Untracked 
| 167|0x00000000abd00000, 0x00000000abe00000, 0x00000000abe00000|100%| E|CS|TAMS 0x00000000abd00000, 0x00000000abd00000| Complete 

Card table byte_map: [0x000001ef1e0f0000,0x000001ef1e3f0000] _byte_map_base: 0x000001ef1dbe5000

Marking Bits (Prev, Next): (CMBitMap*) 0x000001ef05239730, (CMBitMap*) 0x000001ef052396f0
 Prev Bits: [0x000001ef1fea0000, 0x000001ef21648000)
 Next Bits: [0x000001ef1e6f0000, 0x000001ef1fe98000)

Polling page: 0x000001ef04ee0000

Metaspace:

Usage:
  Non-class:     84.50 MB used.
      Class:     12.08 MB used.
       Both:     96.57 MB used.

Virtual space:
  Non-class space:      128.00 MB reserved,      84.81 MB ( 66%) committed,  2 nodes.
      Class space:        1.00 GB reserved,      12.38 MB (  1%) committed,  1 nodes.
             Both:        1.12 GB reserved,      97.19 MB (  8%) committed. 

Chunk freelists:
   Non-Class:  10.42 MB
       Class:  3.61 MB
        Both:  14.03 MB

MaxMetaspaceSize: unlimited
CompressedClassSpaceSize: 1.00 GB
Initial GC threshold: 21.00 MB
Current GC threshold: 98.06 MB
CDS: on
MetaspaceReclaimPolicy: balanced
 - commit_granule_bytes: 65536.
 - commit_granule_words: 8192.
 - virtual_space_node_default_size: 8388608.
 - enlarge_chunks_in_place: 1.
 - new_chunks_are_fully_committed: 0.
 - uncommit_free_chunks: 1.
 - use_allocation_guard: 0.
 - handle_deallocations: 1.


Internal statistics:

num_allocs_failed_limit: 9.
num_arena_births: 788.
num_arena_deaths: 0.
num_vsnodes_births: 3.
num_vsnodes_deaths: 0.
num_space_committed: 1555.
num_space_uncommitted: 0.
num_chunks_returned_to_freelist: 9.
num_chunks_taken_from_freelist: 4310.
num_chunk_merges: 9.
num_chunk_splits: 3239.
num_chunks_enlarged: 2680.
num_inconsistent_stats: 0.

CodeHeap 'non-profiled nmethods': size=120000Kb used=6477Kb max_used=6477Kb free=113522Kb
 bounds [0x000001ef15e50000, 0x000001ef164b0000, 0x000001ef1d380000]
CodeHeap 'profiled nmethods': size=120000Kb used=14654Kb max_used=14654Kb free=105345Kb
 bounds [0x000001ef0e380000, 0x000001ef0f1e0000, 0x000001ef158b0000]
CodeHeap 'non-nmethods': size=5760Kb used=1354Kb max_used=1414Kb free=4405Kb
 bounds [0x000001ef158b0000, 0x000001ef15b20000, 0x000001ef15e50000]
 total_blobs=7938 nmethods=7247 adapters=603
 compilation: enabled
              stopped_count=0, restarted_count=0
 full_count=0

Compilation events (20 events):
Event: 53.273 Thread 0x000001ef6bf01840 nmethod 9003 0x000001ef1649f990 code [0x000001ef1649fb20, 0x000001ef1649fce8]
Event: 53.273 Thread 0x000001ef6bf01840 9020   !   4       jdk.proxy2.$Proxy67::annotationType (29 bytes)
Event: 53.276 Thread 0x000001ef6bf01840 nmethod 9020 0x000001ef1649fe90 code [0x000001ef164a0040, 0x000001ef164a0188]
Event: 53.276 Thread 0x000001ef6bf01840 9011       4       java.util.Arrays::sort (47 bytes)
Event: 53.362 Thread 0x000001ef6bf01840 nmethod 9011 0x000001ef164a0310 code [0x000001ef164a0540, 0x000001ef164a1fc0]
Event: 53.362 Thread 0x000001ef6bf01840 9030       4       java.util.ArrayList::sort (45 bytes)
Event: 53.364 Thread 0x000001ef6bf01840 nmethod 9030 0x000001ef164a2c90 code [0x000001ef164a2e20, 0x000001ef164a2f08]
Event: 53.364 Thread 0x000001ef6bf01840 9018       4       org.springframework.core.annotation.TypeMappedAnnotations$AggregatesCollector::finish (20 bytes)
Event: 53.366 Thread 0x000001ef6bf01840 nmethod 9018 0x000001ef164a3010 code [0x000001ef164a31a0, 0x000001ef164a3298]
Event: 53.366 Thread 0x000001ef6bf01840 9019       4       org.springframework.core.annotation.TypeMappedAnnotations$AggregatesCollector::finish (16 bytes)
Event: 53.367 Thread 0x000001ef6bf01840 nmethod 9019 0x000001ef164a3390 code [0x000001ef164a3520, 0x000001ef164a35b8]
Event: 53.367 Thread 0x000001ef6bf01840 9028   !   4       java.lang.reflect.Field::declaredAnnotations (82 bytes)
Event: 53.503 Thread 0x000001ef24063400 9043       3       java.util.regex.Pattern$CharPropertyGreedy::match (160 bytes)
Event: 53.505 Thread 0x000001ef24063400 nmethod 9043 0x000001ef0f1c7010 code [0x000001ef0f1c7260, 0x000001ef0f1c7be8]
Event: 53.565 Thread 0x000001ef24063400 9044       3       io.netty.util.HashedWheelTimer$HashedWheelBucket::$jacocoInit (52 bytes)
Event: 53.565 Thread 0x000001ef24063400 nmethod 9044 0x000001ef0f1c7f10 code [0x000001ef0f1c8120, 0x000001ef0f1c8ab8]
Event: 53.565 Thread 0x000001ef24063400 9045       3       io.netty.util.HashedWheelTimer$HashedWheelBucket::<init> (14 bytes)
Event: 53.566 Thread 0x000001ef24063400 nmethod 9045 0x000001ef0f1c8c90 code [0x000001ef0f1c8e40, 0x000001ef0f1c8ff8]
Event: 53.566 Thread 0x000001ef24063400 9046       3       io.netty.util.HashedWheelTimer$HashedWheelBucket::<init> (13 bytes)
Event: 53.566 Thread 0x000001ef24063400 nmethod 9046 0x000001ef0f1c9110 code [0x000001ef0f1c92c0, 0x000001ef0f1c9488]

GC Heap History (20 events):
Event: 41.370 GC heap before
{Heap before GC invocations=30 (full 0):
 garbage-first heap   total 143360K, used 120869K [0x00000000a1600000, 0x0000000100000000)
  region size 1024K, 77 young (78848K), 6 survivors (6144K)
 Metaspace       used 66230K, committed 66688K, reserved 1114112K
  class space    used 7982K, committed 8192K, reserved 1048576K
}
Event: 41.388 GC heap after
{Heap after GC invocations=31 (full 0):
 garbage-first heap   total 143360K, used 49509K [0x00000000a1600000, 0x0000000100000000)
  region size 1024K, 5 young (5120K), 5 survivors (5120K)
 Metaspace       used 66230K, committed 66688K, reserved 1114112K
  class space    used 7982K, committed 8192K, reserved 1048576K
}
Event: 42.636 GC heap before
{Heap before GC invocations=31 (full 0):
 garbage-first heap   total 143360K, used 122213K [0x00000000a1600000, 0x0000000100000000)
  region size 1024K, 76 young (77824K), 5 survivors (5120K)
 Metaspace       used 69866K, committed 70336K, reserved 1114112K
  class space    used 8434K, committed 8640K, reserved 1048576K
}
Event: 42.649 GC heap after
{Heap after GC invocations=32 (full 0):
 garbage-first heap   total 143360K, used 50483K [0x00000000a1600000, 0x0000000100000000)
  region size 1024K, 6 young (6144K), 6 survivors (6144K)
 Metaspace       used 69866K, committed 70336K, reserved 1114112K
  class space    used 8434K, committed 8640K, reserved 1048576K
}
Event: 43.715 GC heap before
{Heap before GC invocations=32 (full 0):
 garbage-first heap   total 143360K, used 121139K [0x00000000a1600000, 0x0000000100000000)
  region size 1024K, 75 young (76800K), 6 survivors (6144K)
 Metaspace       used 73308K, committed 73792K, reserved 1114112K
  class space    used 8801K, committed 9024K, reserved 1048576K
}
Event: 43.730 GC heap after
{Heap after GC invocations=33 (full 0):
 garbage-first heap   total 143360K, used 51227K [0x00000000a1600000, 0x0000000100000000)
  region size 1024K, 6 young (6144K), 6 survivors (6144K)
 Metaspace       used 73308K, committed 73792K, reserved 1114112K
  class space    used 8801K, committed 9024K, reserved 1048576K
}
Event: 44.816 GC heap before
{Heap before GC invocations=33 (full 0):
 garbage-first heap   total 143360K, used 120859K [0x00000000a1600000, 0x0000000100000000)
  region size 1024K, 75 young (76800K), 6 survivors (6144K)
 Metaspace       used 77624K, committed 78080K, reserved 1179648K
  class space    used 9445K, committed 9664K, reserved 1048576K
}
Event: 44.830 GC heap after
{Heap after GC invocations=34 (full 0):
 garbage-first heap   total 143360K, used 51817K [0x00000000a1600000, 0x0000000100000000)
  region size 1024K, 6 young (6144K), 6 survivors (6144K)
 Metaspace       used 77624K, committed 78080K, reserved 1179648K
  class space    used 9445K, committed 9664K, reserved 1048576K
}
Event: 45.707 GC heap before
{Heap before GC invocations=34 (full 0):
 garbage-first heap   total 143360K, used 120425K [0x00000000a1600000, 0x0000000100000000)
  region size 1024K, 74 young (75776K), 6 survivors (6144K)
 Metaspace       used 81003K, committed 81472K, reserved 1179648K
  class space    used 9915K, committed 10112K, reserved 1048576K
}
Event: 45.717 GC heap after
{Heap after GC invocations=35 (full 0):
 garbage-first heap   total 143360K, used 52137K [0x00000000a1600000, 0x0000000100000000)
  region size 1024K, 6 young (6144K), 6 survivors (6144K)
 Metaspace       used 81003K, committed 81472K, reserved 1179648K
  class space    used 9915K, committed 10112K, reserved 1048576K
}
Event: 46.984 GC heap before
{Heap before GC invocations=35 (full 0):
 garbage-first heap   total 143360K, used 121769K [0x00000000a1600000, 0x0000000100000000)
  region size 1024K, 74 young (75776K), 6 survivors (6144K)
 Metaspace       used 84015K, committed 84480K, reserved 1179648K
  class space    used 10292K, committed 10496K, reserved 1048576K
}
Event: 47.003 GC heap after
{Heap after GC invocations=36 (full 0):
 garbage-first heap   total 143360K, used 54546K [0x00000000a1600000, 0x0000000100000000)
  region size 1024K, 8 young (8192K), 8 survivors (8192K)
 Metaspace       used 84015K, committed 84480K, reserved 1179648K
  class space    used 10292K, committed 10496K, reserved 1048576K
}
Event: 49.024 GC heap before
{Heap before GC invocations=36 (full 0):
 garbage-first heap   total 143360K, used 119058K [0x00000000a1600000, 0x0000000100000000)
  region size 1024K, 71 young (72704K), 8 survivors (8192K)
 Metaspace       used 86403K, committed 86912K, reserved 1179648K
  class space    used 10583K, committed 10816K, reserved 1048576K
}
Event: 49.041 GC heap after
{Heap after GC invocations=37 (full 0):
 garbage-first heap   total 143360K, used 56236K [0x00000000a1600000, 0x0000000100000000)
  region size 1024K, 6 young (6144K), 6 survivors (6144K)
 Metaspace       used 86403K, committed 86912K, reserved 1179648K
  class space    used 10583K, committed 10816K, reserved 1048576K
}
Event: 50.021 GC heap before
{Heap before GC invocations=37 (full 0):
 garbage-first heap   total 143360K, used 121772K [0x00000000a1600000, 0x0000000100000000)
  region size 1024K, 70 young (71680K), 6 survivors (6144K)
 Metaspace       used 89653K, committed 90240K, reserved 1179648K
  class space    used 10968K, committed 11264K, reserved 1048576K
}
Event: 50.037 GC heap after
{Heap after GC invocations=38 (full 0):
 garbage-first heap   total 143360K, used 57694K [0x00000000a1600000, 0x0000000100000000)
  region size 1024K, 6 young (6144K), 6 survivors (6144K)
 Metaspace       used 89653K, committed 90240K, reserved 1179648K
  class space    used 10968K, committed 11264K, reserved 1048576K
}
Event: 50.755 GC heap before
{Heap before GC invocations=38 (full 0):
 garbage-first heap   total 143360K, used 122206K [0x00000000a1600000, 0x0000000100000000)
  region size 1024K, 69 young (70656K), 6 survivors (6144K)
 Metaspace       used 92569K, committed 93184K, reserved 1179648K
  class space    used 11458K, committed 11776K, reserved 1048576K
}
Event: 50.773 GC heap after
{Heap after GC invocations=39 (full 0):
 garbage-first heap   total 143360K, used 59168K [0x00000000a1600000, 0x0000000100000000)
  region size 1024K, 5 young (5120K), 5 survivors (5120K)
 Metaspace       used 92569K, committed 93184K, reserved 1179648K
  class space    used 11458K, committed 11776K, reserved 1048576K
}
Event: 51.941 GC heap before
{Heap before GC invocations=39 (full 0):
 garbage-first heap   total 143360K, used 121632K [0x00000000a1600000, 0x0000000100000000)
  region size 1024K, 67 young (68608K), 5 survivors (5120K)
 Metaspace       used 94751K, committed 95296K, reserved 1179648K
  class space    used 11831K, committed 12096K, reserved 1048576K
}
Event: 51.962 GC heap after
{Heap after GC invocations=40 (full 0):
 garbage-first heap   total 172032K, used 62649K [0x00000000a1600000, 0x0000000100000000)
  region size 1024K, 7 young (7168K), 7 survivors (7168K)
 Metaspace       used 94751K, committed 95296K, reserved 1179648K
  class space    used 11831K, committed 12096K, reserved 1048576K
}

Dll operation events (13 events):
Event: 0.057 Loaded shared library C:\Users\HP\.jdks\temurin-17.0.18\bin\java.dll
Event: 0.106 Loaded shared library C:\Users\HP\.jdks\temurin-17.0.18\bin\jsvml.dll
Event: 0.414 Loaded shared library C:\Users\HP\.jdks\temurin-17.0.18\bin\zip.dll
Event: 0.429 Loaded shared library C:\Users\HP\.jdks\temurin-17.0.18\bin\instrument.dll
Event: 0.444 Loaded shared library C:\Users\HP\.jdks\temurin-17.0.18\bin\net.dll
Event: 0.453 Loaded shared library C:\Users\HP\.jdks\temurin-17.0.18\bin\nio.dll
Event: 0.462 Loaded shared library C:\Users\HP\.jdks\temurin-17.0.18\bin\zip.dll
Event: 2.998 Loaded shared library C:\Users\HP\.jdks\temurin-17.0.18\bin\verify.dll
Event: 3.254 Loaded shared library C:\Users\HP\.jdks\temurin-17.0.18\bin\jimage.dll
Event: 4.054 Loaded shared library C:\Users\HP\.jdks\temurin-17.0.18\bin\management.dll
Event: 4.084 Loaded shared library C:\Users\HP\.jdks\temurin-17.0.18\bin\management_ext.dll
Event: 19.546 Loaded shared library C:\Users\HP\.jdks\temurin-17.0.18\bin\sunmscapi.dll
Event: 20.256 Loaded shared library C:\Users\HP\.jdks\temurin-17.0.18\bin\extnet.dll

Deoptimization events (20 events):
Event: 52.554 Thread 0x000001ef051e97b0 DEOPT PACKING pc=0x000001ef162ebc04 sp=0x00000033e1bf92d0
Event: 52.554 Thread 0x000001ef051e97b0 DEOPT UNPACKING pc=0x000001ef159069a3 sp=0x00000033e1bf9258 mode 2
Event: 52.554 Thread 0x000001ef051e97b0 Uncommon trap: trap_request=0xffffffde fr.pc=0x000001ef162ebc04 relative=0x00000000000000e4
Event: 52.554 Thread 0x000001ef051e97b0 Uncommon trap: reason=class_check action=maybe_recompile pc=0x000001ef162ebc04 method=org.springframework.util.ObjectUtils.nullSafeHashCode(Ljava/lang/Object;)I @ 39 c2
Event: 52.554 Thread 0x000001ef051e97b0 DEOPT PACKING pc=0x000001ef162ebc04 sp=0x00000033e1bf92d0
Event: 52.554 Thread 0x000001ef051e97b0 DEOPT UNPACKING pc=0x000001ef159069a3 sp=0x00000033e1bf9258 mode 2
Event: 52.660 Thread 0x000001ef051e97b0 Uncommon trap: trap_request=0xffffff45 fr.pc=0x000001ef1635d750 relative=0x0000000000000130
Event: 52.660 Thread 0x000001ef051e97b0 Uncommon trap: reason=unstable_if action=reinterpret pc=0x000001ef1635d750 method=org.springframework.aop.framework.autoproxy.AbstractAutoProxyCreator.predictBeanType(Ljava/lang/Class;Ljava/lang/String;)Ljava/lang/Class; @ 17 c2
Event: 52.660 Thread 0x000001ef051e97b0 DEOPT PACKING pc=0x000001ef1635d750 sp=0x00000033e1bfac30
Event: 52.660 Thread 0x000001ef051e97b0 DEOPT UNPACKING pc=0x000001ef159069a3 sp=0x00000033e1bfabc0 mode 2
Event: 52.737 Thread 0x000001ef051e97b0 Uncommon trap: trap_request=0x00000436 fr.pc=0x000001ef1633e84c relative=0x000000000000766c
Event: 52.737 Thread 0x000001ef051e97b0 Uncommon trap: reason=unloaded action=reinterpret pc=0x000001ef1633e84c method=java.lang.Class.createAnnotationData(I)Ljava/lang/Class$AnnotationData; @ 98 c2
Event: 52.737 Thread 0x000001ef051e97b0 DEOPT PACKING pc=0x000001ef1633e84c sp=0x00000033e1bfa9c0
Event: 52.737 Thread 0x000001ef051e97b0 DEOPT UNPACKING pc=0x000001ef159069a3 sp=0x00000033e1bfa9e8 mode 2
Event: 52.837 Thread 0x000001ef051e97b0 DEOPT PACKING pc=0x000001ef0ee49420 sp=0x00000033e1bf4fc0
Event: 52.837 Thread 0x000001ef051e97b0 DEOPT UNPACKING pc=0x000001ef15907143 sp=0x00000033e1bf45a0 mode 0
Event: 53.477 Thread 0x000001ef051e97b0 Uncommon trap: trap_request=0xffffff45 fr.pc=0x000001ef163e48dc relative=0x000000000000075c
Event: 53.477 Thread 0x000001ef051e97b0 Uncommon trap: reason=unstable_if action=reinterpret pc=0x000001ef163e48dc method=java.util.regex.Pattern$CharPropertyGreedy.match(Ljava/util/regex/Matcher;ILjava/lang/CharSequence;)Z @ 103 c2
Event: 53.477 Thread 0x000001ef051e97b0 DEOPT PACKING pc=0x000001ef163e48dc sp=0x00000033e1bf6dc0
Event: 53.478 Thread 0x000001ef051e97b0 DEOPT UNPACKING pc=0x000001ef159069a3 sp=0x00000033e1bf6d70 mode 2

Classes loaded (20 events):
Event: 52.890 Loading class java/security/KeyStoreException
Event: 52.890 Loading class java/security/KeyStoreException done
Event: 52.891 Loading class java/security/UnrecoverableKeyException
Event: 52.891 Loading class java/security/UnrecoverableEntryException
Event: 52.891 Loading class java/security/UnrecoverableEntryException done
Event: 52.891 Loading class java/security/UnrecoverableKeyException done
Event: 53.198 Loading class javax/security/cert/X509Certificate
Event: 53.198 Loading class javax/security/cert/Certificate
Event: 53.199 Loading class javax/security/cert/Certificate done
Event: 53.199 Loading class javax/security/cert/X509Certificate done
Event: 53.413 Loading class java/lang/BaseVirtualThread
Event: 53.413 Loading class java/lang/BaseVirtualThread done
Event: 53.414 Loading class sun/misc/Unsafe
Event: 53.415 Loading class sun/misc/Unsafe done
Event: 53.437 Loading class java/nio/ShortBuffer
Event: 53.451 Loading class java/nio/ShortBuffer done
Event: 53.451 Loading class java/nio/FloatBuffer
Event: 53.472 Loading class java/nio/FloatBuffer done
Event: 53.472 Loading class java/nio/DoubleBuffer
Event: 53.476 Loading class java/nio/DoubleBuffer done

Classes unloaded (0 events):
No events

Classes redefined (0 events):
No events

Internal exceptions (20 events):
Event: 47.431 Thread 0x000001ef051e97b0 Exception <a 'java/lang/IncompatibleClassChangeError'{0x00000000a8bc25d8}: Found class java.lang.Object, but interface was expected> (0x00000000a8bc25d8) 
thrown [s\src\hotspot\share\interpreter\linkResolver.cpp, line 826]
Event: 47.433 Thread 0x000001ef051e97b0 Exception <a 'java/lang/IncompatibleClassChangeError'{0x00000000a8be70b0}: Found class java.lang.Object, but interface was expected> (0x00000000a8be70b0) 
thrown [s\src\hotspot\share\interpreter\linkResolver.cpp, line 826]
Event: 47.442 Thread 0x000001ef051e97b0 Exception <a 'java/lang/IncompatibleClassChangeError'{0x00000000a8a4bb20}: Found class java.lang.Object, but interface was expected> (0x00000000a8a4bb20) 
thrown [s\src\hotspot\share\interpreter\linkResolver.cpp, line 826]
Event: 48.064 Thread 0x000001ef051e97b0 Exception <a 'java/lang/NoSuchMethodError'{0x00000000a7f504f0}: 'int java.lang.invoke.DirectMethodHandle$Holder.invokeStaticInit(java.lang.Object, int, java.lang.Object, java.lang.Object, java.lang.Object, java.lang.Object)'> (0x00000000a7f504f0) 
thrown [s\src\hotspot\share\interpreter\linkResolver.cpp, line 759]
Event: 48.445 Thread 0x000001ef051e97b0 Exception <a 'java/lang/IncompatibleClassChangeError'{0x00000000a71279b8}: Found class java.lang.Object, but interface was expected> (0x00000000a71279b8) 
thrown [s\src\hotspot\share\interpreter\linkResolver.cpp, line 826]
Event: 48.509 Thread 0x000001ef051e97b0 Implicit null exception at 0x000001ef15ea298c to 0x000001ef15ea2fc8
Event: 48.612 Thread 0x000001ef051e97b0 Exception <a 'java/lang/reflect/InvocationTargetException'{0x00000000a6dae3e0}> (0x00000000a6dae3e0) 
thrown [s\src\hotspot\share\runtime\reflection.cpp, line 1128]
Event: 48.743 Thread 0x000001ef051e97b0 Exception <a 'java/lang/reflect/InvocationTargetException'{0x00000000a6a07e88}> (0x00000000a6a07e88) 
thrown [s\src\hotspot\share\runtime\reflection.cpp, line 1128]
Event: 48.861 Thread 0x000001ef051e97b0 Exception <a 'java/lang/reflect/InvocationTargetException'{0x00000000a684bd70}> (0x00000000a684bd70) 
thrown [s\src\hotspot\share\runtime\reflection.cpp, line 1128]
Event: 49.155 Thread 0x000001ef051e97b0 Exception <a 'java/lang/IncompatibleClassChangeError'{0x00000000a99c9e98}: Found class java.lang.Object, but interface was expected> (0x00000000a99c9e98) 
thrown [s\src\hotspot\share\interpreter\linkResolver.cpp, line 826]
Event: 49.299 Thread 0x000001ef051e97b0 Exception <a 'java/lang/IncompatibleClassChangeError'{0x00000000a9198428}: Found class java.lang.Object, but interface was expected> (0x00000000a9198428) 
thrown [s\src\hotspot\share\interpreter\linkResolver.cpp, line 826]
Event: 49.607 Thread 0x000001ef051e97b0 Exception <a 'java/lang/IncompatibleClassChangeError'{0x00000000a840a230}: Found class java.lang.Object, but interface was expected> (0x00000000a840a230) 
thrown [s\src\hotspot\share\interpreter\linkResolver.cpp, line 826]
Event: 49.645 Thread 0x000001ef051e97b0 Exception <a 'java/lang/NoSuchMethodError'{0x00000000a8312f38}: 'void java.lang.invoke.DirectMethodHandle$Holder.invokeSpecial(java.lang.Object, java.lang.Object, java.lang.Object, java.lang.Object, java.lang.Object, java.lang.Object, java.lang.Object)'> (0x00000000a8312f38) 
thrown [s\src\hotspot\share\interpreter\linkResolver.cpp, line 759]
Event: 49.929 Thread 0x000001ef051e97b0 Exception <a 'java/lang/reflect/InvocationTargetException'{0x00000000a69d2408}> (0x00000000a69d2408) 
thrown [s\src\hotspot\share\runtime\reflection.cpp, line 1128]
Event: 49.978 Thread 0x000001ef051e97b0 Exception <a 'java/lang/IncompatibleClassChangeError'{0x00000000a66c9658}: Found class java.lang.Object, but interface was expected> (0x00000000a66c9658) 
thrown [s\src\hotspot\share\interpreter\linkResolver.cpp, line 826]
Event: 50.138 Thread 0x000001ef051e97b0 Exception <a 'java/lang/NoSuchMethodError'{0x00000000a9a879b8}: 'java.lang.Object java.lang.invoke.DirectMethodHandle$Holder.invokeStatic(java.lang.Object, int, java.lang.Object)'> (0x00000000a9a879b8) 
thrown [s\src\hotspot\share\interpreter\linkResolver.cpp, line 759]
Event: 50.165 Thread 0x000001ef051e97b0 Exception <a 'java/lang/reflect/InvocationTargetException'{0x00000000a983d658}> (0x00000000a983d658) 
thrown [s\src\hotspot\share\runtime\reflection.cpp, line 1128]
Event: 52.366 Thread 0x000001ef051e97b0 Exception <a 'java/lang/reflect/InvocationTargetException'{0x00000000a9fc8ab0}> (0x00000000a9fc8ab0) 
thrown [s\src\hotspot\share\runtime\reflection.cpp, line 1128]
Event: 52.481 Thread 0x000001ef051e97b0 Exception <a 'java/lang/reflect/InvocationTargetException'{0x00000000a9aa2bd8}> (0x00000000a9aa2bd8) 
thrown [s\src\hotspot\share\runtime\reflection.cpp, line 1128]
Event: 52.487 Thread 0x000001ef051e97b0 Exception <a 'java/lang/reflect/InvocationTargetException'{0x00000000a9aaee50}> (0x00000000a9aaee50) 
thrown [s\src\hotspot\share\runtime\reflection.cpp, line 1128]

VM Operations (20 events):
Event: 49.446 Executing VM operation: HandshakeAllThreads
Event: 49.446 Executing VM operation: HandshakeAllThreads done
Event: 49.613 Executing VM operation: HandshakeAllThreads
Event: 49.613 Executing VM operation: HandshakeAllThreads done
Event: 49.653 Executing VM operation: HandshakeAllThreads
Event: 49.653 Executing VM operation: HandshakeAllThreads done
Event: 50.021 Executing VM operation: G1CollectForAllocation
Event: 50.037 Executing VM operation: G1CollectForAllocation done
Event: 50.595 Executing VM operation: HandshakeAllThreads
Event: 50.595 Executing VM operation: HandshakeAllThreads done
Event: 50.755 Executing VM operation: G1CollectForAllocation
Event: 50.774 Executing VM operation: G1CollectForAllocation done
Event: 50.996 Executing VM operation: HandshakeAllThreads
Event: 50.996 Executing VM operation: HandshakeAllThreads done
Event: 51.941 Executing VM operation: G1CollectForAllocation
Event: 51.962 Executing VM operation: G1CollectForAllocation done
Event: 52.972 Executing VM operation: Cleanup
Event: 52.972 Executing VM operation: Cleanup done
Event: 53.982 Executing VM operation: Cleanup
Event: 53.982 Executing VM operation: Cleanup done

Memory protections (0 events):
No events

Nmethod flushes (20 events):
Event: 42.826 Thread 0x000001ef24066740 flushing  nmethod 0x000001ef0ee9c590
Event: 42.826 Thread 0x000001ef24066740 flushing  nmethod 0x000001ef0ee9e190
Event: 42.826 Thread 0x000001ef24066740 flushing  nmethod 0x000001ef0eea2a90
Event: 42.826 Thread 0x000001ef24066740 flushing  nmethod 0x000001ef0eeac210
Event: 42.826 Thread 0x000001ef24066740 flushing  nmethod 0x000001ef0eeac810
Event: 42.826 Thread 0x000001ef24066740 flushing  nmethod 0x000001ef0eec8090
Event: 42.826 Thread 0x000001ef24066740 flushing  nmethod 0x000001ef0ef20910
Event: 42.826 Thread 0x000001ef24066740 flushing  nmethod 0x000001ef0ef28b10
Event: 42.826 Thread 0x000001ef24066740 flushing  nmethod 0x000001ef0ef32390
Event: 42.826 Thread 0x000001ef24066740 flushing  nmethod 0x000001ef0ef41910
Event: 49.614 Thread 0x000001ef24066740 flushing  nmethod 0x000001ef15e9f590
Event: 49.614 Thread 0x000001ef24066740 flushing  nmethod 0x000001ef15ecc790
Event: 49.615 Thread 0x000001ef24066740 flushing osr nmethod 0x000001ef15fe9d10
Event: 49.616 Thread 0x000001ef24066740 flushing  nmethod 0x000001ef1619cb10
Event: 49.616 Thread 0x000001ef24066740 flushing  nmethod 0x000001ef16225a90
Event: 49.617 Thread 0x000001ef24066740 flushing  nmethod 0x000001ef163e0490
Event: 49.617 Thread 0x000001ef24066740 flushing  nmethod 0x000001ef163e1490
Event: 49.624 Thread 0x000001ef24066740 flushing  nmethod 0x000001ef0e84f710
Event: 49.625 Thread 0x000001ef24066740 flushing  nmethod 0x000001ef0ea08510
Event: 49.643 Thread 0x000001ef24066740 flushing  nmethod 0x000001ef0eded090

Events (20 events):
Event: 29.532 Thread 0x000001ef6d1ab280 Thread exited: 0x000001ef6d1ab280
Event: 30.092 Thread 0x000001ef24063400 Thread added: 0x000001ef6d1ab280
Event: 32.462 Thread 0x000001ef6d1ab280 Thread exited: 0x000001ef6d1ab280
Event: 35.585 Thread 0x000001ef051e97b0 Thread added: 0x000001ef6b0e18f0
Event: 38.148 Thread 0x000001ef24dd0ed0 Thread exited: 0x000001ef24dd0ed0
Event: 38.662 Thread 0x000001ef24063400 Thread added: 0x000001ef6d1ab280
Event: 41.445 Thread 0x000001ef051e97b0 Thread added: 0x000001ef6b0e09c0
Event: 41.569 Thread 0x000001ef6b0e09c0 Thread added: 0x000001ef6b0e04b0
Event: 42.050 Thread 0x000001ef6d1ab280 Thread exited: 0x000001ef6d1ab280
Event: 43.259 Thread 0x000001ef24063400 Thread added: 0x000001ef6d1ab280
Event: 43.586 Thread 0x000001ef6d1ab280 Thread exited: 0x000001ef6d1ab280
Event: 43.737 Thread 0x000001ef24063400 Thread added: 0x000001ef6d1a8800
Event: 45.602 Thread 0x000001ef6d1a8800 Thread exited: 0x000001ef6d1a8800
Event: 46.261 Thread 0x000001ef24063400 Thread added: 0x000001ef6d1ab280
Event: 46.261 Thread 0x000001ef24063400 Thread added: 0x000001ef6d1a8800
Event: 47.003 Thread 0x000001ef6b0e04b0 Thread exited: 0x000001ef6b0e04b0
Event: 47.943 Thread 0x000001ef051e97b0 Thread added: 0x000001ef6b0deb60
Event: 49.726 Thread 0x000001ef6d1a8800 Thread exited: 0x000001ef6d1a8800
Event: 50.545 Thread 0x000001ef6d1ab280 Thread exited: 0x000001ef6d1ab280
Event: 50.676 Thread 0x000001ef24063400 Thread added: 0x000001ef6bf01840


Dynamic libraries:
0x00007ff678f90000 - 0x00007ff678f9e000 	C:\Users\HP\.jdks\temurin-17.0.18\bin\java.exe
0x00007ffc909c0000 - 0x00007ffc90c27000 	C:\WINDOWS\SYSTEM32\ntdll.dll
0x00007ffc8fa00000 - 0x00007ffc8fac9000 	C:\WINDOWS\System32\KERNEL32.DLL
0x00007ffc8e030000 - 0x00007ffc8e421000 	C:\WINDOWS\System32\KERNELBASE.dll
0x00007ffc8e610000 - 0x00007ffc8e75b000 	C:\WINDOWS\System32\ucrtbase.dll
0x00007ffc78ef0000 - 0x00007ffc78f08000 	C:\Users\HP\.jdks\temurin-17.0.18\bin\jli.dll
0x00007ffc8ea30000 - 0x00007ffc8ebf5000 	C:\WINDOWS\System32\USER32.dll
0x00007ffc8d420000 - 0x00007ffc8d447000 	C:\WINDOWS\System32\win32u.dll
0x00007ffc8f660000 - 0x00007ffc8f68b000 	C:\WINDOWS\System32\GDI32.dll
0x00007ffc8e4e0000 - 0x00007ffc8e60b000 	C:\WINDOWS\System32\gdi32full.dll
0x00007ffc8e430000 - 0x00007ffc8e4d3000 	C:\WINDOWS\System32\msvcp_win.dll
0x00007ffc78ed0000 - 0x00007ffc78eee000 	C:\Users\HP\.jdks\temurin-17.0.18\bin\VCRUNTIME140.dll
0x00007ffc75d10000 - 0x00007ffc75fa3000 	C:\WINDOWS\WinSxS\amd64_microsoft.windows.common-controls_6595b64144ccf1df_6.0.26100.8037_none_3e092faae333b53b\COMCTL32.dll
0x00007ffc90100000 - 0x00007ffc901a9000 	C:\WINDOWS\System32\msvcrt.dll
0x00007ffc8e7e0000 - 0x00007ffc8e811000 	C:\WINDOWS\System32\IMM32.DLL
0x00007ffc7b660000 - 0x00007ffc7b66c000 	C:\Users\HP\.jdks\temurin-17.0.18\bin\vcruntime140_1.dll
0x00007ffc59fe0000 - 0x00007ffc5a06d000 	C:\Users\HP\.jdks\temurin-17.0.18\bin\msvcp140.dll
0x00007ffc14130000 - 0x00007ffc14d9b000 	C:\Users\HP\.jdks\temurin-17.0.18\bin\server\jvm.dll
0x00007ffc8f940000 - 0x00007ffc8f9fb000 	C:\WINDOWS\System32\ADVAPI32.dll
0x00007ffc908d0000 - 0x00007ffc90977000 	C:\WINDOWS\System32\sechost.dll
0x00007ffc8f800000 - 0x00007ffc8f918000 	C:\WINDOWS\System32\RPCRT4.dll
0x00007ffc8f5e0000 - 0x00007ffc8f654000 	C:\WINDOWS\System32\WS2_32.dll
0x00007ffc85220000 - 0x00007ffc85255000 	C:\WINDOWS\SYSTEM32\WINMM.dll
0x00007ffc8d100000 - 0x00007ffc8d15e000 	C:\WINDOWS\SYSTEM32\POWRPROF.dll
0x00007ffc85260000 - 0x00007ffc8526b000 	C:\WINDOWS\SYSTEM32\VERSION.dll
0x00007ffc8d0e0000 - 0x00007ffc8d0f4000 	C:\WINDOWS\SYSTEM32\UMPDC.dll
0x00007ffc8c030000 - 0x00007ffc8c04b000 	C:\WINDOWS\SYSTEM32\kernel.appcore.dll
0x00007ffc7b620000 - 0x00007ffc7b62a000 	C:\Users\HP\.jdks\temurin-17.0.18\bin\jimage.dll
0x00007ffc858a0000 - 0x00007ffc85ae2000 	C:\WINDOWS\SYSTEM32\DBGHELP.DLL
0x00007ffc90540000 - 0x00007ffc908c2000 	C:\WINDOWS\System32\combase.dll
0x00007ffc8ec00000 - 0x00007ffc8ecd7000 	C:\WINDOWS\System32\OLEAUT32.dll
0x00007ffc74b90000 - 0x00007ffc74bcb000 	C:\WINDOWS\SYSTEM32\dbgcore.DLL
0x00007ffc8df80000 - 0x00007ffc8e025000 	C:\WINDOWS\System32\bcryptPrimitives.dll
0x00007ffc78e20000 - 0x00007ffc78e2e000 	C:\Users\HP\.jdks\temurin-17.0.18\bin\instrument.dll
0x00007ffc78e70000 - 0x00007ffc78e95000 	C:\Users\HP\.jdks\temurin-17.0.18\bin\java.dll
0x00007ffc59f00000 - 0x00007ffc59fd7000 	C:\Users\HP\.jdks\temurin-17.0.18\bin\jsvml.dll
0x00007ffc8ede0000 - 0x00007ffc8f53f000 	C:\WINDOWS\System32\SHELL32.dll
0x00007ffc8de10000 - 0x00007ffc8df7a000 	C:\WINDOWS\System32\wintypes.dll
0x00007ffc8d510000 - 0x00007ffc8dd74000 	C:\WINDOWS\System32\windows.storage.dll
0x00007ffc8f690000 - 0x00007ffc8f787000 	C:\WINDOWS\System32\SHCORE.dll
0x00007ffc8f790000 - 0x00007ffc8f7f7000 	C:\WINDOWS\System32\shlwapi.dll
0x00007ffc8d1c0000 - 0x00007ffc8d1e9000 	C:\WINDOWS\SYSTEM32\profapi.dll
0x00007ffc693f0000 - 0x00007ffc69408000 	C:\Users\HP\.jdks\temurin-17.0.18\bin\zip.dll
0x00007ffc78e50000 - 0x00007ffc78e6a000 	C:\Users\HP\.jdks\temurin-17.0.18\bin\net.dll
0x00007ffc869c0000 - 0x00007ffc86ae7000 	C:\WINDOWS\SYSTEM32\WINHTTP.dll
0x00007ffc8c5a0000 - 0x00007ffc8c60b000 	C:\WINDOWS\system32\mswsock.dll
0x00007ffc78e30000 - 0x00007ffc78e46000 	C:\Users\HP\.jdks\temurin-17.0.18\bin\nio.dll
0x00007ffc5a230000 - 0x00007ffc5a240000 	C:\Users\HP\.jdks\temurin-17.0.18\bin\verify.dll
0x00007ffc6d8c0000 - 0x00007ffc6d8d8000 	C:\WINDOWS\system32\napinsp.dll
0x00007ffc8ba80000 - 0x00007ffc8bbaa000 	C:\WINDOWS\SYSTEM32\DNSAPI.dll
0x00007ffc8b910000 - 0x00007ffc8b943000 	C:\WINDOWS\SYSTEM32\IPHLPAPI.DLL
0x00007ffc90470000 - 0x00007ffc9047a000 	C:\WINDOWS\System32\NSI.dll
0x00007ffc6d8a0000 - 0x00007ffc6d8b2000 	C:\WINDOWS\System32\winrnr.dll
0x00007ffc6d7c0000 - 0x00007ffc6d7e2000 	C:\WINDOWS\system32\nlansp_c.dll
0x00007ffc6cfb0000 - 0x00007ffc6cfc6000 	C:\WINDOWS\system32\wshbth.dll
0x00007ffc82eb0000 - 0x00007ffc82ebb000 	C:\Windows\System32\rasadhlp.dll
0x00007ffc83160000 - 0x00007ffc831e6000 	C:\WINDOWS\System32\fwpuclnt.dll
0x00007ffc5ae30000 - 0x00007ffc5ae3a000 	C:\Users\HP\.jdks\temurin-17.0.18\bin\management.dll
0x00007ffc5a240000 - 0x00007ffc5a24c000 	C:\Users\HP\.jdks\temurin-17.0.18\bin\management_ext.dll
0x00007ffc90530000 - 0x00007ffc90538000 	C:\WINDOWS\System32\PSAPI.DLL
0x00007ffc86fc0000 - 0x00007ffc86fdd000 	C:\WINDOWS\SYSTEM32\dhcpcsvc6.DLL
0x00007ffc86f90000 - 0x00007ffc86fb3000 	C:\WINDOWS\SYSTEM32\dhcpcsvc.DLL
0x00007ffc693e0000 - 0x00007ffc693ee000 	C:\Users\HP\.jdks\temurin-17.0.18\bin\sunmscapi.dll
0x00007ffc8d2a0000 - 0x00007ffc8d417000 	C:\WINDOWS\System32\CRYPT32.dll
0x00007ffc8caa0000 - 0x00007ffc8cad0000 	C:\WINDOWS\SYSTEM32\ncrypt.dll
0x00007ffc8ca50000 - 0x00007ffc8ca8f000 	C:\WINDOWS\SYSTEM32\NTASN1.dll
0x00007ffc8c890000 - 0x00007ffc8c8ab000 	C:\WINDOWS\SYSTEM32\CRYPTSP.dll
0x00007ffc8bf90000 - 0x00007ffc8bfc9000 	C:\WINDOWS\system32\rsaenh.dll
0x00007ffc8c650000 - 0x00007ffc8c682000 	C:\WINDOWS\SYSTEM32\USERENV.dll
0x00007ffc8d190000 - 0x00007ffc8d1ba000 	C:\WINDOWS\SYSTEM32\bcrypt.dll
0x00007ffc8c880000 - 0x00007ffc8c88c000 	C:\WINDOWS\SYSTEM32\CRYPTBASE.dll
0x00007ffc66c30000 - 0x00007ffc66c38000 	C:\WINDOWS\system32\wshunix.dll
0x00007ffc693d0000 - 0x00007ffc693d9000 	C:\Users\HP\.jdks\temurin-17.0.18\bin\extnet.dll

dbghelp: loaded successfully - version: 4.0.5 - missing functions: none
symbol engine: initialized successfully - sym options: 0x614 - pdb path: .;C:\Users\HP\.jdks\temurin-17.0.18\bin;C:\WINDOWS\SYSTEM32;C:\WINDOWS\WinSxS\amd64_microsoft.windows.common-controls_6595b64144ccf1df_6.0.26100.8037_none_3e092faae333b53b;C:\Users\HP\.jdks\temurin-17.0.18\bin\server

VM Arguments:
jvm_args: -Dfile.encoding=IBM437 -javaagent:C:\\Users\\HP\\.m2\\repository\\org\\jacoco\\org.jacoco.agent\\0.8.11\\org.jacoco.agent-0.8.11-runtime.jar=destfile=C:\\Users\\HP\\Downloads\\Smart-Sure-Insurance\\adminService\\target\\jacoco.exec 
java_command: C:\Users\HP\AppData\Local\Temp\surefire9558586464087157071\surefirebooter-20260413150207910_3.jar C:\Users\HP\AppData\Local\Temp\surefire9558586464087157071 2026-04-13T15-02-02_231-jvmRun1 surefire-20260413150207910_1tmp surefire_0-20260413150207910_2tmp
java_class_path (initial): C:\Users\HP\AppData\Local\Temp\surefire9558586464087157071\surefirebooter-20260413150207910_3.jar
Launcher Type: SUN_STANDARD

[Global flags]
     intx CICompilerCount                          = 4                                         {product} {ergonomic}
     uint ConcGCThreads                            = 2                                         {product} {ergonomic}
     uint G1ConcRefinementThreads                  = 8                                         {product} {ergonomic}
   size_t G1HeapRegionSize                         = 1048576                                   {product} {ergonomic}
    uintx GCDrainStackTargetSize                   = 64                                        {product} {ergonomic}
   size_t InitialHeapSize                          = 100663296                                 {product} {ergonomic}
   size_t MarkStackSize                            = 4194304                                   {product} {ergonomic}
   size_t MaxHeapSize                              = 1587544064                                {product} {ergonomic}
   size_t MaxNewSize                               = 952107008                                 {product} {ergonomic}
   size_t MinHeapDeltaBytes                        = 1048576                                   {product} {ergonomic}
   size_t MinHeapSize                              = 8388608                                   {product} {ergonomic}
    uintx NonNMethodCodeHeapSize                   = 5839372                                {pd product} {ergonomic}
    uintx NonProfiledCodeHeapSize                  = 122909434                              {pd product} {ergonomic}
    uintx ProfiledCodeHeapSize                     = 122909434                              {pd product} {ergonomic}
    uintx ReservedCodeCacheSize                    = 251658240                              {pd product} {ergonomic}
     bool SegmentedCodeCache                       = true                                      {product} {ergonomic}
   size_t SoftMaxHeapSize                          = 1587544064                             {manageable} {ergonomic}
     bool UseCompressedClassPointers               = true                           {product lp64_product} {ergonomic}
     bool UseCompressedOops                        = true                           {product lp64_product} {ergonomic}
     bool UseG1GC                                  = true                                      {product} {ergonomic}
     bool UseLargePagesIndividualAllocation        = false                                  {pd product} {ergonomic}

Logging:
Log output configuration:
 #0: stdout all=warning uptime,level,tags
 #1: stderr all=off uptime,level,tags

Environment Variables:
JAVA_HOME=C:\Users\HP\.jdks\temurin-17.0.18
JAVA_TOOL_OPTIONS=-Dfile.encoding=IBM437
PATH=C:\WINDOWS\system32;C:\WINDOWS;C:\WINDOWS\System32\Wbem;C:\WINDOWS\System32\WindowsPowerShell\v1.0\;C:\WINDOWS\System32\OpenSSH\;C:\Users\HP\Downloads\jdk-25_windows-x64_bin\jdk-25.0.2\bin;C:\Program Files\Docker\Docker\resources\bin;C:\Program Files\Git\cmd;C:\Program Files\RabbitMQ Server\rabbitmq_server-4.2.5\sbin;C:\Users\HP\AppData\Local\nvm;C:\nvm4w\nodejs;C:\Users\HP\AppData\Local\Microsoft\WindowsApps;C:\Users\HP\AppData\Roaming\npm;C:\Users\HP\AppData\Local\nvm;C:\nvm4w\nodejs;C:\Users\HP\AppData\Local\Programs\Microsoft VS Code\bin;C:\Users\HP\AppData\Local\Programs\Antigravity\bin
USERNAME=HP
OS=Windows_NT
PROCESSOR_IDENTIFIER=AMD64 Family 23 Model 24 Stepping 1, AuthenticAMD
TMP=C:\Users\HP\AppData\Local\Temp
TEMP=C:\Users\HP\AppData\Local\Temp



Periodic native trim disabled


---------------  S Y S T E M  ---------------

OS:
 Windows 11 , 64 bit Build 26100 (10.0.26100.7920)
OS uptime: 0 days 0:34 hours
Hyper-V role detected

CPU: total 8 (initial active 8) (8 cores per cpu, 2 threads per core) family 23 model 24 stepping 1 microcode 0x8108109, cx8, cmov, fxsr, ht, mmx, 3dnowpref, sse, sse2, sse3, ssse3, sse4a, sse4.1, sse4.2, popcnt, lzcnt, tsc, tscinvbit, avx, avx2, aes, clmul, bmi1, bmi2, adx, sha, fma, vzeroupper, clflush, clflushopt, hv
Processor Information for all 8 processors :
  Max Mhz: 2100, Current Mhz: 2100, Mhz Limit: 2100

Memory: 4k page, system-wide physical 6055M (407M free)
TotalPageFile size 24487M (AvailPageFile size 66M)
current process WorkingSet (physical memory assigned to process): 382M, peak: 396M
current process commit charge ("private bytes"): 466M, peak: 470M

vm_info: OpenJDK 64-Bit Server VM (17.0.18+8) for windows-amd64 JRE (17.0.18+8), built on Jan 20 2026 22:28:22 by "admin" with MS VC++ 17.12 (VS2022)

END.
